[[[自动注册扩展缓存完成]]]
[2022/02/24 09:04:02.0397]
[线程：1]
注册总用时：0.0025ms
自动扫描程序集：0个
扩展缓存：

[[[微信扩展缓存注册完成]]]
[2022/02/24 09:04:02.0397]
[线程：1]
微信扩展缓存注册总用时：0.0007ms
扩展缓存：Senparc.Weixin.Cache.LocalContainerCacheStrategy

[[[自动注册扩展缓存完成]]]
[2022/02/24 09:39:45.1861]
[线程：1]
注册总用时：0.0031ms
自动扫描程序集：0个
扩展缓存：

[[[微信扩展缓存注册完成]]]
[2022/02/24 09:39:45.1862]
[线程：1]
微信扩展缓存注册总用时：0.0010ms
扩展缓存：Senparc.Weixin.Cache.LocalContainerCacheStrategy

[[[自动注册扩展缓存完成]]]
[2022/02/24 09:43:04.6546]
[线程：1]
注册总用时：0.0023ms
自动扫描程序集：0个
扩展缓存：

[[[微信扩展缓存注册完成]]]
[2022/02/24 09:43:04.6547]
[线程：1]
微信扩展缓存注册总用时：0.0007ms
扩展缓存：Senparc.Weixin.Cache.LocalContainerCacheStrategy

[[[自动注册扩展缓存完成]]]
[2022/02/24 09:43:49.2961]
[线程：1]
注册总用时：0.002ms
自动扫描程序集：0个
扩展缓存：

[[[微信扩展缓存注册完成]]]
[2022/02/24 09:43:49.2962]
[线程：1]
微信扩展缓存注册总用时：0.0005ms
扩展缓存：Senparc.Weixin.Cache.LocalContainerCacheStrategy

[[[自动注册扩展缓存完成]]]
[2022/02/24 09:58:52.9703]
[线程：1]
注册总用时：0.0021ms
自动扫描程序集：0个
扩展缓存：

[[[微信扩展缓存注册完成]]]
[2022/02/24 09:58:52.9703]
[线程：1]
微信扩展缓存注册总用时：0.0006ms
扩展缓存：Senparc.Weixin.Cache.LocalContainerCacheStrategy

[[[自动注册扩展缓存完成]]]
[2022/02/24 11:53:40.2753]
[线程：1]
注册总用时：0.0025ms
自动扫描程序集：0个
扩展缓存：

[[[微信扩展缓存注册完成]]]
[2022/02/24 11:53:40.2754]
[线程：1]
微信扩展缓存注册总用时：0.0008ms
扩展缓存：Senparc.Weixin.Cache.LocalContainerCacheStrategy

[[[自动注册扩展缓存完成]]]
[2022/02/24 13:41:10.1323]
[线程：1]
注册总用时：0.002ms
自动扫描程序集：0个
扩展缓存：

[[[微信扩展缓存注册完成]]]
[2022/02/24 13:41:10.1324]
[线程：1]
微信扩展缓存注册总用时：0.0005ms
扩展缓存：Senparc.Weixin.Cache.LocalContainerCacheStrategy

