[[[ErrorJsonResultException]]]
[2023/03/21 12:10:05.1771]
[线程：15]
	ErrorJsonResultException
	AccessTokenOrAppId：null
	URL：https://qyapi.weixin.qq.com/cgi-bin/tag/list?access_token=%E6%9C%BA%E6%9E%84%E7%9D%A3%E5%8A%9E%E5%91%98
	errcode：不合法的access_token
	errmsg：invalid access_token

[[[ErrorJsonResultException]]]
[2023/03/21 18:18:10.9738]
[线程：23]
	ErrorJsonResultException
	AccessTokenOrAppId：null
	URL：https://qyapi.weixin.qq.com/cgi-bin/gettoken?corpid=QZepfyfvw1jLM255VZjEtuu-8NCzbQk8FC6N7JklRW0&corpsecret=QZepfyfvw1jLM255VZjEtuu-8NCzbQk8FC6N7JklRW0
	errcode：不合法的APPID
	errmsg：invalid corpid, hint: [1679393891531330591583162], from ip: 123.188.254.206, more info at https://open.work.weixin.qq.com/devtool/query?e=40013

[[[ErrorJsonResultException]]]
[2023/03/21 18:20:56.6566]
[线程：16]
	ErrorJsonResultException
	AccessTokenOrAppId：null
	URL：https://qyapi.weixin.qq.com/cgi-bin/user/getuserinfo?access_token=f9rVasOU5l66tGEnVCbzCcECG7etCItWf1EP8N8tgR2TsI-_nAmPaFRbeEOt6Q5PkYtyrr2T69vCMA9506-525tfbF-Lg84DGhezlRAUJdQQSHYmjUQhtV2IaSrxFEWiky31U5j1mZXej3sQz8Q2U7HbwDaxxyzzHBPR5hnvS5itueMFAH5lLW65CTk7chcABw42VeJXuadlmK2fBQqySg&code=u4CK4R06fS-UM630Wwq5E_nIw6nkA40gI24dzixSTAY
	errcode：不合法的oauth_code
	errmsg：invalid code, hint: [1679394056354962787985676], from ip: 123.188.254.206, more info at https://open.work.weixin.qq.com/devtool/query?e=40029

[[[ErrorJsonResultException]]]
[2023/03/21 19:06:24.6065]
[线程：22]
	ErrorJsonResultException
	AccessTokenOrAppId：null
	URL：https://qyapi.weixin.qq.com/cgi-bin/user/getuserinfo?access_token=f9rVasOU5l66tGEnVCbzCcECG7etCItWf1EP8N8tgR2TsI-_nAmPaFRbeEOt6Q5PkYtyrr2T69vCMA9506-525tfbF-Lg84DGhezlRAUJdQQSHYmjUQhtV2IaSrxFEWiky31U5j1mZXej3sQz8Q2U7HbwDaxxyzzHBPR5hnvS5itueMFAH5lLW65CTk7chcABw42VeJXuadlmK2fBQqySg&code=u4CK4R06fS-UM630Wwq5E_nIw6nkA40gI24dzixSTAY
	errcode：不合法的oauth_code
	errmsg：invalid code, hint: [1679396784347284222534921], from ip: 123.188.254.206, more info at https://open.work.weixin.qq.com/devtool/query?e=40029

