[[[自动注册扩展缓存完成]]]
[2022/03/13 07:56:36.4900]
[线程：1]
注册总用时：0.0036ms
自动扫描程序集：0个
扩展缓存：

[[[微信扩展缓存注册完成]]]
[2022/03/13 07:56:36.4902]
[线程：1]
微信扩展缓存注册总用时：0.0021ms
扩展缓存：Senparc.Weixin.Cache.LocalContainerCacheStrategy

[[[自动注册扩展缓存完成]]]
[2022/03/13 07:57:10.1305]
[线程：1]
注册总用时：0.0019ms
自动扫描程序集：0个
扩展缓存：

[[[微信扩展缓存注册完成]]]
[2022/03/13 07:57:10.1306]
[线程：1]
微信扩展缓存注册总用时：0.0005ms
扩展缓存：Senparc.Weixin.Cache.LocalContainerCacheStrategy

[[[自动注册扩展缓存完成]]]
[2022/03/13 07:58:33.3762]
[线程：1]
注册总用时：0.003ms
自动扫描程序集：0个
扩展缓存：

[[[微信扩展缓存注册完成]]]
[2022/03/13 07:58:33.3763]
[线程：1]
微信扩展缓存注册总用时：0.0012ms
扩展缓存：Senparc.Weixin.Cache.LocalContainerCacheStrategy

[[[自动注册扩展缓存完成]]]
[2022/03/13 08:06:26.6545]
[线程：1]
注册总用时：0.0024ms
自动扫描程序集：0个
扩展缓存：

[[[微信扩展缓存注册完成]]]
[2022/03/13 08:06:26.6546]
[线程：1]
微信扩展缓存注册总用时：0.0006ms
扩展缓存：Senparc.Weixin.Cache.LocalContainerCacheStrategy

[[[自动注册扩展缓存完成]]]
[2022/03/13 08:09:23.8871]
[线程：1]
注册总用时：0.0026ms
自动扫描程序集：0个
扩展缓存：

[[[微信扩展缓存注册完成]]]
[2022/03/13 08:09:23.8872]
[线程：1]
微信扩展缓存注册总用时：0.0009ms
扩展缓存：Senparc.Weixin.Cache.LocalContainerCacheStrategy

[[[自动注册扩展缓存完成]]]
[2022/03/13 08:12:30.3971]
[线程：1]
注册总用时：0.0029ms
自动扫描程序集：0个
扩展缓存：

[[[微信扩展缓存注册完成]]]
[2022/03/13 08:12:30.3972]
[线程：1]
微信扩展缓存注册总用时：0.0008ms
扩展缓存：Senparc.Weixin.Cache.LocalContainerCacheStrategy

[[[自动注册扩展缓存完成]]]
[2022/03/13 08:17:39.6462]
[线程：1]
注册总用时：0.0027ms
自动扫描程序集：0个
扩展缓存：

[[[微信扩展缓存注册完成]]]
[2022/03/13 08:17:39.6462]
[线程：1]
微信扩展缓存注册总用时：0.0013ms
扩展缓存：Senparc.Weixin.Cache.LocalContainerCacheStrategy

[[[自动注册扩展缓存完成]]]
[2022/03/13 08:20:38.3297]
[线程：1]
注册总用时：0.0029ms
自动扫描程序集：0个
扩展缓存：

[[[微信扩展缓存注册完成]]]
[2022/03/13 08:20:38.3298]
[线程：1]
微信扩展缓存注册总用时：0.0007ms
扩展缓存：Senparc.Weixin.Cache.LocalContainerCacheStrategy

[[[自动注册扩展缓存完成]]]
[2022/03/13 08:21:29.0771]
[线程：1]
注册总用时：0.0024ms
自动扫描程序集：0个
扩展缓存：

[[[微信扩展缓存注册完成]]]
[2022/03/13 08:21:29.0772]
[线程：1]
微信扩展缓存注册总用时：0.0005ms
扩展缓存：Senparc.Weixin.Cache.LocalContainerCacheStrategy

[[[自动注册扩展缓存完成]]]
[2022/03/13 08:23:10.0474]
[线程：1]
注册总用时：0.0053ms
自动扫描程序集：0个
扩展缓存：

[[[微信扩展缓存注册完成]]]
[2022/03/13 08:23:10.0476]
[线程：1]
微信扩展缓存注册总用时：0.0017ms
扩展缓存：Senparc.Weixin.Cache.LocalContainerCacheStrategy

[[[自动注册扩展缓存完成]]]
[2022/03/13 08:26:03.8661]
[线程：1]
注册总用时：0.0022ms
自动扫描程序集：0个
扩展缓存：

[[[微信扩展缓存注册完成]]]
[2022/03/13 08:26:03.8661]
[线程：1]
微信扩展缓存注册总用时：0.0007ms
扩展缓存：Senparc.Weixin.Cache.LocalContainerCacheStrategy

[[[自动注册扩展缓存完成]]]
[2022/03/13 08:27:11.5551]
[线程：1]
注册总用时：0.002ms
自动扫描程序集：0个
扩展缓存：

[[[微信扩展缓存注册完成]]]
[2022/03/13 08:27:11.5552]
[线程：1]
微信扩展缓存注册总用时：0.0004ms
扩展缓存：Senparc.Weixin.Cache.LocalContainerCacheStrategy

[[[自动注册扩展缓存完成]]]
[2022/03/13 08:32:32.0516]
[线程：1]
注册总用时：0.0024ms
自动扫描程序集：0个
扩展缓存：

[[[微信扩展缓存注册完成]]]
[2022/03/13 08:32:32.0516]
[线程：1]
微信扩展缓存注册总用时：0.0005ms
扩展缓存：Senparc.Weixin.Cache.LocalContainerCacheStrategy

[[[自动注册扩展缓存完成]]]
[2022/03/13 08:34:28.3368]
[线程：1]
注册总用时：0.0027ms
自动扫描程序集：0个
扩展缓存：

[[[微信扩展缓存注册完成]]]
[2022/03/13 08:34:28.3368]
[线程：1]
微信扩展缓存注册总用时：0.0007ms
扩展缓存：Senparc.Weixin.Cache.LocalContainerCacheStrategy

[[[自动注册扩展缓存完成]]]
[2022/03/13 08:36:36.6301]
[线程：1]
注册总用时：0.0022ms
自动扫描程序集：0个
扩展缓存：

[[[微信扩展缓存注册完成]]]
[2022/03/13 08:36:36.6302]
[线程：1]
微信扩展缓存注册总用时：0.0005ms
扩展缓存：Senparc.Weixin.Cache.LocalContainerCacheStrategy

[[[自动注册扩展缓存完成]]]
[2022/03/13 08:37:46.9313]
[线程：1]
注册总用时：0.0025ms
自动扫描程序集：0个
扩展缓存：

[[[微信扩展缓存注册完成]]]
[2022/03/13 08:37:46.9313]
[线程：1]
微信扩展缓存注册总用时：0.0008ms
扩展缓存：Senparc.Weixin.Cache.LocalContainerCacheStrategy

[[[自动注册扩展缓存完成]]]
[2022/03/13 08:40:09.1597]
[线程：1]
注册总用时：0.0035ms
自动扫描程序集：0个
扩展缓存：

[[[微信扩展缓存注册完成]]]
[2022/03/13 08:40:09.1598]
[线程：1]
微信扩展缓存注册总用时：0.0008ms
扩展缓存：Senparc.Weixin.Cache.LocalContainerCacheStrategy

[[[自动注册扩展缓存完成]]]
[2022/03/13 08:41:27.9536]
[线程：1]
注册总用时：0.0023ms
自动扫描程序集：0个
扩展缓存：

[[[微信扩展缓存注册完成]]]
[2022/03/13 08:41:27.9536]
[线程：1]
微信扩展缓存注册总用时：0.0005ms
扩展缓存：Senparc.Weixin.Cache.LocalContainerCacheStrategy

[[[自动注册扩展缓存完成]]]
[2022/03/13 08:42:16.9997]
[线程：1]
注册总用时：0.0029ms
自动扫描程序集：0个
扩展缓存：

[[[微信扩展缓存注册完成]]]
[2022/03/13 08:42:16.9998]
[线程：1]
微信扩展缓存注册总用时：0.0006ms
扩展缓存：Senparc.Weixin.Cache.LocalContainerCacheStrategy

[[[自动注册扩展缓存完成]]]
[2022/03/13 08:45:00.5292]
[线程：1]
注册总用时：0.0025ms
自动扫描程序集：0个
扩展缓存：

[[[微信扩展缓存注册完成]]]
[2022/03/13 08:45:00.5293]
[线程：1]
微信扩展缓存注册总用时：0.0006ms
扩展缓存：Senparc.Weixin.Cache.LocalContainerCacheStrategy

[[[自动注册扩展缓存完成]]]
[2022/03/13 08:45:51.0217]
[线程：1]
注册总用时：0.002ms
自动扫描程序集：0个
扩展缓存：

[[[微信扩展缓存注册完成]]]
[2022/03/13 08:45:51.0218]
[线程：1]
微信扩展缓存注册总用时：0.0005ms
扩展缓存：Senparc.Weixin.Cache.LocalContainerCacheStrategy

[[[自动注册扩展缓存完成]]]
[2022/03/13 08:46:32.5076]
[线程：1]
注册总用时：0.0019ms
自动扫描程序集：0个
扩展缓存：

[[[微信扩展缓存注册完成]]]
[2022/03/13 08:46:32.5077]
[线程：1]
微信扩展缓存注册总用时：0.0006ms
扩展缓存：Senparc.Weixin.Cache.LocalContainerCacheStrategy

[[[自动注册扩展缓存完成]]]
[2022/03/13 08:51:19.9646]
[线程：1]
注册总用时：0.0042ms
自动扫描程序集：0个
扩展缓存：

[[[微信扩展缓存注册完成]]]
[2022/03/13 08:51:19.9647]
[线程：1]
微信扩展缓存注册总用时：0.0021ms
扩展缓存：Senparc.Weixin.Cache.LocalContainerCacheStrategy

[[[自动注册扩展缓存完成]]]
[2022/03/13 08:53:06.5564]
[线程：1]
注册总用时：0.003ms
自动扫描程序集：0个
扩展缓存：

[[[微信扩展缓存注册完成]]]
[2022/03/13 08:53:06.5565]
[线程：1]
微信扩展缓存注册总用时：0.0012ms
扩展缓存：Senparc.Weixin.Cache.LocalContainerCacheStrategy

