[[[自动注册扩展缓存完成]]]
[2022/01/28 10:00:12.8611]
[线程：1]
注册总用时：2.0184ms
自动扫描程序集：0个
扩展缓存：

[[[微信扩展缓存注册完成]]]
[2022/01/28 10:00:12.8748]
[线程：1]
微信扩展缓存注册总用时：0.0845ms
扩展缓存：Senparc.Weixin.Cache.LocalContainerCacheStrategy

[[[自动注册扩展缓存完成]]]
[2022/01/28 10:00:13.0677]
[线程：1]
注册总用时：0.0026ms
自动扫描程序集：0个
扩展缓存：

[[[微信扩展缓存注册完成]]]
[2022/01/28 10:00:13.0678]
[线程：1]
微信扩展缓存注册总用时：0.0010ms
扩展缓存：Senparc.Weixin.Cache.LocalContainerCacheStrategy

[[[自动注册扩展缓存完成]]]
[2022/01/28 10:00:29.0103]
[线程：1]
注册总用时：1.8947ms
自动扫描程序集：0个
扩展缓存：

[[[微信扩展缓存注册完成]]]
[2022/01/28 10:00:29.0215]
[线程：1]
微信扩展缓存注册总用时：0.0833ms
扩展缓存：Senparc.Weixin.Cache.LocalContainerCacheStrategy

[[[自动注册扩展缓存完成]]]
[2022/01/28 10:00:29.1648]
[线程：1]
注册总用时：0.0029ms
自动扫描程序集：0个
扩展缓存：

[[[微信扩展缓存注册完成]]]
[2022/01/28 10:00:29.1649]
[线程：1]
微信扩展缓存注册总用时：0.0006ms
扩展缓存：Senparc.Weixin.Cache.LocalContainerCacheStrategy

[[[接口调用]]]
[2022/01/28 10:01:29.6109]
[线程：3]
	URL：https://api.weixin.qq.com/sns/jscode2session?appid=wx4746a90d8118d4b4&secret=a995c94f60692df9b213bcf1e73c71eb&js_code=001MXnGa1h2exC0iWOGa1Gj4OK3MXnGp&grant_type=authorization_code
	Result：
{"session_key":"Awd7YgXi3Q0FKIadtEKz1Q==","openid":"oWVUz5QltTq3GH61XSC3Ux-qOMkY","unionid":"oVD3V5jGlXBc2gkhzzdgG_7QOI3M"}

[[[WeixinException]]]
[2022/01/28 10:01:29.7173]
[线程：31]
	WxOpenException
	AccessTokenOrAppId：
	Message：SessionId无效
	StackTrace：

[[[接口调用]]]
[2022/01/28 10:04:43.7967]
[线程：14]
	URL：https://api.weixin.qq.com/sns/jscode2session?appid=wx4746a90d8118d4b4&secret=a995c94f60692df9b213bcf1e73c71eb&js_code=0314Nw000985dN1pNI100Ov1v014Nw0e&grant_type=authorization_code
	Result：
{"session_key":"lKUK8I19vxrnTDN\/GEf2HA==","openid":"oWVUz5QltTq3GH61XSC3Ux-qOMkY","unionid":"oVD3V5jGlXBc2gkhzzdgG_7QOI3M"}

[[[接口调用]]]
[2022/01/28 10:05:36.3848]
[线程：45]
	URL：https://api.weixin.qq.com/sns/jscode2session?appid=wx4746a90d8118d4b4&secret=a995c94f60692df9b213bcf1e73c71eb&js_code=0314Nw000985dN1pNI100Ov1v014Nw0e&grant_type=authorization_code
	Result：
{"errcode":40163,"errmsg":"code been used, rid: 61f34f70-062ea147-62839777"}

[[[ErrorJsonResultException]]]
[2022/01/28 10:05:36.3903]
[线程：45]
	ErrorJsonResultException
	AccessTokenOrAppId：null
	URL：https://api.weixin.qq.com/sns/jscode2session?appid=wx4746a90d8118d4b4&secret=a995c94f60692df9b213bcf1e73c71eb&js_code=0314Nw000985dN1pNI100Ov1v014Nw0e&grant_type=authorization_code
	errcode：40163
	errmsg：code been used, rid: 61f34f70-062ea147-62839777

[[[自动注册扩展缓存完成]]]
[2022/01/28 10:06:09.5708]
[线程：1]
注册总用时：2.184ms
自动扫描程序集：0个
扩展缓存：

[[[微信扩展缓存注册完成]]]
[2022/01/28 10:06:09.5817]
[线程：1]
微信扩展缓存注册总用时：0.1052ms
扩展缓存：Senparc.Weixin.Cache.LocalContainerCacheStrategy

[[[自动注册扩展缓存完成]]]
[2022/01/28 10:06:09.7355]
[线程：1]
注册总用时：0.0021ms
自动扫描程序集：0个
扩展缓存：

[[[微信扩展缓存注册完成]]]
[2022/01/28 10:06:09.7355]
[线程：1]
微信扩展缓存注册总用时：0.0006ms
扩展缓存：Senparc.Weixin.Cache.LocalContainerCacheStrategy

[[[自动注册扩展缓存完成]]]
[2022/01/28 10:06:28.0775]
[线程：1]
注册总用时：1.9007ms
自动扫描程序集：0个
扩展缓存：

[[[微信扩展缓存注册完成]]]
[2022/01/28 10:06:28.0888]
[线程：1]
微信扩展缓存注册总用时：0.1217ms
扩展缓存：Senparc.Weixin.Cache.LocalContainerCacheStrategy

[[[自动注册扩展缓存完成]]]
[2022/01/28 10:06:28.2253]
[线程：1]
注册总用时：0.002ms
自动扫描程序集：0个
扩展缓存：

[[[微信扩展缓存注册完成]]]
[2022/01/28 10:06:28.2254]
[线程：1]
微信扩展缓存注册总用时：0.0004ms
扩展缓存：Senparc.Weixin.Cache.LocalContainerCacheStrategy

[[[接口调用]]]
[2022/01/28 10:08:04.1227]
[线程：3]
	URL：https://api.weixin.qq.com/sns/jscode2session?appid=wx4746a90d8118d4b4&secret=a995c94f60692df9b213bcf1e73c71eb&js_code=041PZ01w3nbQRX2CEu0w35lugG3PZ01B&grant_type=authorization_code
	Result：
{"session_key":"gsAt0n1K81KgVKrJiPqX5g==","openid":"oWVUz5QltTq3GH61XSC3Ux-qOMkY","unionid":"oVD3V5jGlXBc2gkhzzdgG_7QOI3M"}

[[[WeixinException]]]
[2022/01/28 10:08:04.2071]
[线程：28]
	WxOpenException
	AccessTokenOrAppId：
	Message：SessionId无效
	StackTrace：

[[[接口调用]]]
[2022/01/28 10:15:32.6972]
[线程：47]
	URL：https://api.weixin.qq.com/sns/jscode2session?appid=wx4746a90d8118d4b4&secret=a995c94f60692df9b213bcf1e73c71eb&js_code=021nLb200twDdN14O9200HGI4r2nLb21&grant_type=authorization_code
	Result：
{"session_key":"u3\/NEOCVOJDhpP\/M+5MGsw==","openid":"oWVUz5QltTq3GH61XSC3Ux-qOMkY","unionid":"oVD3V5jGlXBc2gkhzzdgG_7QOI3M"}

[[[WeixinException]]]
[2022/01/28 10:15:32.6981]
[线程：54]
	WxOpenException
	AccessTokenOrAppId：
	Message：SessionId无效
	StackTrace：

[[[自动注册扩展缓存完成]]]
[2022/01/28 10:17:03.9325]
[线程：1]
注册总用时：2.1333ms
自动扫描程序集：0个
扩展缓存：

[[[微信扩展缓存注册完成]]]
[2022/01/28 10:17:03.9429]
[线程：1]
微信扩展缓存注册总用时：0.0775ms
扩展缓存：Senparc.Weixin.Cache.LocalContainerCacheStrategy

[[[自动注册扩展缓存完成]]]
[2022/01/28 10:17:04.0974]
[线程：1]
注册总用时：0.0036ms
自动扫描程序集：0个
扩展缓存：

[[[微信扩展缓存注册完成]]]
[2022/01/28 10:17:04.0976]
[线程：1]
微信扩展缓存注册总用时：0.0014ms
扩展缓存：Senparc.Weixin.Cache.LocalContainerCacheStrategy

[[[接口调用]]]
[2022/01/28 10:18:18.7581]
[线程：29]
	URL：https://api.weixin.qq.com/sns/jscode2session?appid=wx4746a90d8118d4b4&secret=a995c94f60692df9b213bcf1e73c71eb&js_code=0210cTkl29lZx84S0sol2wR4yy10cTk6&grant_type=authorization_code
	Result：
{"session_key":"+CtCQtudhVLkfp6kdTIFAw==","openid":"oWVUz5QltTq3GH61XSC3Ux-qOMkY","unionid":"oVD3V5jGlXBc2gkhzzdgG_7QOI3M"}

[[[自动注册扩展缓存完成]]]
[2022/01/28 10:21:11.0800]
[线程：1]
注册总用时：1.8152ms
自动扫描程序集：0个
扩展缓存：

[[[微信扩展缓存注册完成]]]
[2022/01/28 10:21:11.0908]
[线程：1]
微信扩展缓存注册总用时：0.0790ms
扩展缓存：Senparc.Weixin.Cache.LocalContainerCacheStrategy

[[[自动注册扩展缓存完成]]]
[2022/01/28 10:21:11.2334]
[线程：1]
注册总用时：0.0025ms
自动扫描程序集：0个
扩展缓存：

[[[微信扩展缓存注册完成]]]
[2022/01/28 10:21:11.2334]
[线程：1]
微信扩展缓存注册总用时：0.0005ms
扩展缓存：Senparc.Weixin.Cache.LocalContainerCacheStrategy

[[[接口调用]]]
[2022/01/28 10:22:44.4276]
[线程：28]
	URL：https://api.weixin.qq.com/sns/jscode2session?appid=wx4746a90d8118d4b4&secret=a995c94f60692df9b213bcf1e73c71eb&js_code=011KSx000h16dN1Ufd2008WC790KSx0q&grant_type=authorization_code
	Result：
{"session_key":"BhUMgfo56buFHbXJo08U+Q==","openid":"oWVUz5QltTq3GH61XSC3Ux-qOMkY","unionid":"oVD3V5jGlXBc2gkhzzdgG_7QOI3M"}

[[[自动注册扩展缓存完成]]]
[2022/01/28 10:24:09.6599]
[线程：1]
注册总用时：1.8004ms
自动扫描程序集：0个
扩展缓存：

[[[微信扩展缓存注册完成]]]
[2022/01/28 10:24:09.6712]
[线程：1]
微信扩展缓存注册总用时：0.0794ms
扩展缓存：Senparc.Weixin.Cache.LocalContainerCacheStrategy

[[[自动注册扩展缓存完成]]]
[2022/01/28 10:24:09.8077]
[线程：1]
注册总用时：0.0023ms
自动扫描程序集：0个
扩展缓存：

[[[微信扩展缓存注册完成]]]
[2022/01/28 10:24:09.8078]
[线程：1]
微信扩展缓存注册总用时：0.0005ms
扩展缓存：Senparc.Weixin.Cache.LocalContainerCacheStrategy

[[[接口调用]]]
[2022/01/28 10:25:39.2353]
[线程：30]
	URL：https://api.weixin.qq.com/sns/jscode2session?appid=wx4746a90d8118d4b4&secret=a995c94f60692df9b213bcf1e73c71eb&js_code=021u5y000GL5dN1aut000CS9aR2u5y0t&grant_type=authorization_code
	Result：
{"session_key":"JB47er1P2Rv75NL7lF0SYw==","openid":"oWVUz5QltTq3GH61XSC3Ux-qOMkY","unionid":"oVD3V5jGlXBc2gkhzzdgG_7QOI3M"}

[[[自动注册扩展缓存完成]]]
[2022/01/28 10:28:20.3226]
[线程：1]
注册总用时：1.8715ms
自动扫描程序集：0个
扩展缓存：

[[[微信扩展缓存注册完成]]]
[2022/01/28 10:28:20.3343]
[线程：1]
微信扩展缓存注册总用时：0.1074ms
扩展缓存：Senparc.Weixin.Cache.LocalContainerCacheStrategy

[[[自动注册扩展缓存完成]]]
[2022/01/28 10:28:20.4700]
[线程：1]
注册总用时：0.0021ms
自动扫描程序集：0个
扩展缓存：

[[[微信扩展缓存注册完成]]]
[2022/01/28 10:28:20.4700]
[线程：1]
微信扩展缓存注册总用时：0.0006ms
扩展缓存：Senparc.Weixin.Cache.LocalContainerCacheStrategy

[[[接口调用]]]
[2022/01/28 10:29:18.1727]
[线程：30]
	URL：https://api.weixin.qq.com/sns/jscode2session?appid=wx4746a90d8118d4b4&secret=a995c94f60692df9b213bcf1e73c71eb&js_code=0818ad0w36rjSX2XZ21w33SVkj08ad0J&grant_type=authorization_code
	Result：
{"session_key":"ntoHrYKyjt7kvFAGKVopFg==","openid":"oWVUz5QltTq3GH61XSC3Ux-qOMkY","unionid":"oVD3V5jGlXBc2gkhzzdgG_7QOI3M"}

[[[自动注册扩展缓存完成]]]
[2022/01/28 16:09:33.0356]
[线程：1]
注册总用时：1.9891ms
自动扫描程序集：0个
扩展缓存：

[[[微信扩展缓存注册完成]]]
[2022/01/28 16:09:33.0470]
[线程：1]
微信扩展缓存注册总用时：0.0886ms
扩展缓存：Senparc.Weixin.Cache.LocalContainerCacheStrategy

[[[自动注册扩展缓存完成]]]
[2022/01/28 16:09:33.2833]
[线程：1]
注册总用时：0.002ms
自动扫描程序集：0个
扩展缓存：

[[[微信扩展缓存注册完成]]]
[2022/01/28 16:09:33.2833]
[线程：1]
微信扩展缓存注册总用时：0.0005ms
扩展缓存：Senparc.Weixin.Cache.LocalContainerCacheStrategy

[[[自动注册扩展缓存完成]]]
[2022/01/28 16:10:40.3003]
[线程：1]
注册总用时：1.8354ms
自动扫描程序集：0个
扩展缓存：

[[[微信扩展缓存注册完成]]]
[2022/01/28 16:10:40.3119]
[线程：1]
微信扩展缓存注册总用时：0.1024ms
扩展缓存：Senparc.Weixin.Cache.LocalContainerCacheStrategy

[[[自动注册扩展缓存完成]]]
[2022/01/28 16:10:40.4461]
[线程：1]
注册总用时：0.0021ms
自动扫描程序集：0个
扩展缓存：

[[[微信扩展缓存注册完成]]]
[2022/01/28 16:10:40.4461]
[线程：1]
微信扩展缓存注册总用时：0.0005ms
扩展缓存：Senparc.Weixin.Cache.LocalContainerCacheStrategy

[[[自动注册扩展缓存完成]]]
[2022/01/28 17:13:52.3889]
[线程：1]
注册总用时：1.8599ms
自动扫描程序集：0个
扩展缓存：

[[[微信扩展缓存注册完成]]]
[2022/01/28 17:13:52.4007]
[线程：1]
微信扩展缓存注册总用时：0.1314ms
扩展缓存：Senparc.Weixin.Cache.LocalContainerCacheStrategy

[[[自动注册扩展缓存完成]]]
[2022/01/28 17:13:52.5392]
[线程：1]
注册总用时：0.002ms
自动扫描程序集：0个
扩展缓存：

[[[微信扩展缓存注册完成]]]
[2022/01/28 17:13:52.5392]
[线程：1]
微信扩展缓存注册总用时：0.0005ms
扩展缓存：Senparc.Weixin.Cache.LocalContainerCacheStrategy

[[[自动注册扩展缓存完成]]]
[2022/01/28 17:23:01.9101]
[线程：1]
注册总用时：2.5287ms
自动扫描程序集：0个
扩展缓存：

[[[微信扩展缓存注册完成]]]
[2022/01/28 17:23:01.9211]
[线程：1]
微信扩展缓存注册总用时：0.0778ms
扩展缓存：Senparc.Weixin.Cache.LocalContainerCacheStrategy

[[[自动注册扩展缓存完成]]]
[2022/01/28 17:23:02.0585]
[线程：1]
注册总用时：0.0025ms
自动扫描程序集：0个
扩展缓存：

[[[微信扩展缓存注册完成]]]
[2022/01/28 17:23:02.0586]
[线程：1]
微信扩展缓存注册总用时：0.0008ms
扩展缓存：Senparc.Weixin.Cache.LocalContainerCacheStrategy

[[[自动注册扩展缓存完成]]]
[2022/01/28 17:30:49.4886]
[线程：1]
注册总用时：1.9565ms
自动扫描程序集：0个
扩展缓存：

[[[微信扩展缓存注册完成]]]
[2022/01/28 17:30:49.4991]
[线程：1]
微信扩展缓存注册总用时：0.0814ms
扩展缓存：Senparc.Weixin.Cache.LocalContainerCacheStrategy

[[[自动注册扩展缓存完成]]]
[2022/01/28 17:30:49.6741]
[线程：1]
注册总用时：0.0026ms
自动扫描程序集：0个
扩展缓存：

[[[微信扩展缓存注册完成]]]
[2022/01/28 17:30:49.6742]
[线程：1]
微信扩展缓存注册总用时：0.0009ms
扩展缓存：Senparc.Weixin.Cache.LocalContainerCacheStrategy

[[[自动注册扩展缓存完成]]]
[2022/01/28 17:31:36.4025]
[线程：1]
注册总用时：1.8251ms
自动扫描程序集：0个
扩展缓存：

[[[微信扩展缓存注册完成]]]
[2022/01/28 17:31:36.4131]
[线程：1]
微信扩展缓存注册总用时：0.0835ms
扩展缓存：Senparc.Weixin.Cache.LocalContainerCacheStrategy

[[[自动注册扩展缓存完成]]]
[2022/01/28 17:31:36.5815]
[线程：1]
注册总用时：0.0022ms
自动扫描程序集：0个
扩展缓存：

[[[微信扩展缓存注册完成]]]
[2022/01/28 17:31:36.5815]
[线程：1]
微信扩展缓存注册总用时：0.0005ms
扩展缓存：Senparc.Weixin.Cache.LocalContainerCacheStrategy

[[[自动注册扩展缓存完成]]]
[2022/01/28 17:35:26.1739]
[线程：1]
注册总用时：1.8362ms
自动扫描程序集：0个
扩展缓存：

[[[微信扩展缓存注册完成]]]
[2022/01/28 17:35:26.1847]
[线程：1]
微信扩展缓存注册总用时：0.0799ms
扩展缓存：Senparc.Weixin.Cache.LocalContainerCacheStrategy

[[[自动注册扩展缓存完成]]]
[2022/01/28 17:35:26.3633]
[线程：1]
注册总用时：0.0039ms
自动扫描程序集：0个
扩展缓存：

[[[微信扩展缓存注册完成]]]
[2022/01/28 17:35:26.3634]
[线程：1]
微信扩展缓存注册总用时：0.0009ms
扩展缓存：Senparc.Weixin.Cache.LocalContainerCacheStrategy

[[[自动注册扩展缓存完成]]]
[2022/01/28 17:36:25.3077]
[线程：1]
注册总用时：1.8333ms
自动扫描程序集：0个
扩展缓存：

[[[微信扩展缓存注册完成]]]
[2022/01/28 17:36:25.3189]
[线程：1]
微信扩展缓存注册总用时：0.0854ms
扩展缓存：Senparc.Weixin.Cache.LocalContainerCacheStrategy

[[[自动注册扩展缓存完成]]]
[2022/01/28 17:36:25.5034]
[线程：1]
注册总用时：0.0037ms
自动扫描程序集：0个
扩展缓存：

[[[微信扩展缓存注册完成]]]
[2022/01/28 17:36:25.5035]
[线程：1]
微信扩展缓存注册总用时：0.0017ms
扩展缓存：Senparc.Weixin.Cache.LocalContainerCacheStrategy

[[[自动注册扩展缓存完成]]]
[2022/01/28 17:38:31.9404]
[线程：1]
注册总用时：1.8629ms
自动扫描程序集：0个
扩展缓存：

[[[微信扩展缓存注册完成]]]
[2022/01/28 17:38:31.9521]
[线程：1]
微信扩展缓存注册总用时：0.0841ms
扩展缓存：Senparc.Weixin.Cache.LocalContainerCacheStrategy

[[[自动注册扩展缓存完成]]]
[2022/01/28 17:38:32.0959]
[线程：1]
注册总用时：0.0028ms
自动扫描程序集：0个
扩展缓存：

[[[微信扩展缓存注册完成]]]
[2022/01/28 17:38:32.0960]
[线程：1]
微信扩展缓存注册总用时：0.0004ms
扩展缓存：Senparc.Weixin.Cache.LocalContainerCacheStrategy

[[[自动注册扩展缓存完成]]]
[2022/01/28 17:39:19.0565]
[线程：1]
注册总用时：1.9497ms
自动扫描程序集：0个
扩展缓存：

[[[微信扩展缓存注册完成]]]
[2022/01/28 17:39:19.0672]
[线程：1]
微信扩展缓存注册总用时：0.0877ms
扩展缓存：Senparc.Weixin.Cache.LocalContainerCacheStrategy

[[[自动注册扩展缓存完成]]]
[2022/01/28 17:39:19.2064]
[线程：1]
注册总用时：0.0031ms
自动扫描程序集：0个
扩展缓存：

[[[微信扩展缓存注册完成]]]
[2022/01/28 17:39:19.2065]
[线程：1]
微信扩展缓存注册总用时：0.0004ms
扩展缓存：Senparc.Weixin.Cache.LocalContainerCacheStrategy

[[[自动注册扩展缓存完成]]]
[2022/01/28 17:41:11.6616]
[线程：1]
注册总用时：2.1755ms
自动扫描程序集：0个
扩展缓存：

[[[微信扩展缓存注册完成]]]
[2022/01/28 17:41:11.6722]
[线程：1]
微信扩展缓存注册总用时：0.0804ms
扩展缓存：Senparc.Weixin.Cache.LocalContainerCacheStrategy

[[[自动注册扩展缓存完成]]]
[2022/01/28 17:41:11.8082]
[线程：1]
注册总用时：0.0024ms
自动扫描程序集：0个
扩展缓存：

[[[微信扩展缓存注册完成]]]
[2022/01/28 17:41:11.8083]
[线程：1]
微信扩展缓存注册总用时：0.0004ms
扩展缓存：Senparc.Weixin.Cache.LocalContainerCacheStrategy

[[[自动注册扩展缓存完成]]]
[2022/01/28 17:41:54.6123]
[线程：1]
注册总用时：1.7715ms
自动扫描程序集：0个
扩展缓存：

[[[微信扩展缓存注册完成]]]
[2022/01/28 17:41:54.6233]
[线程：1]
微信扩展缓存注册总用时：0.0969ms
扩展缓存：Senparc.Weixin.Cache.LocalContainerCacheStrategy

[[[自动注册扩展缓存完成]]]
[2022/01/28 17:41:54.7822]
[线程：1]
注册总用时：0.002ms
自动扫描程序集：0个
扩展缓存：

[[[微信扩展缓存注册完成]]]
[2022/01/28 17:41:54.7822]
[线程：1]
微信扩展缓存注册总用时：0.0005ms
扩展缓存：Senparc.Weixin.Cache.LocalContainerCacheStrategy

[[[自动注册扩展缓存完成]]]
[2022/01/28 17:43:57.1055]
[线程：1]
注册总用时：1.84ms
自动扫描程序集：0个
扩展缓存：

[[[微信扩展缓存注册完成]]]
[2022/01/28 17:43:57.1163]
[线程：1]
微信扩展缓存注册总用时：0.0849ms
扩展缓存：Senparc.Weixin.Cache.LocalContainerCacheStrategy

[[[自动注册扩展缓存完成]]]
[2022/01/28 17:43:57.2536]
[线程：1]
注册总用时：0.0022ms
自动扫描程序集：0个
扩展缓存：

[[[微信扩展缓存注册完成]]]
[2022/01/28 17:43:57.2537]
[线程：1]
微信扩展缓存注册总用时：0.0005ms
扩展缓存：Senparc.Weixin.Cache.LocalContainerCacheStrategy

[[[自动注册扩展缓存完成]]]
[2022/01/28 17:45:27.7177]
[线程：1]
注册总用时：1.9148ms
自动扫描程序集：0个
扩展缓存：

[[[微信扩展缓存注册完成]]]
[2022/01/28 17:45:27.7308]
[线程：1]
微信扩展缓存注册总用时：0.0891ms
扩展缓存：Senparc.Weixin.Cache.LocalContainerCacheStrategy

[[[自动注册扩展缓存完成]]]
[2022/01/28 17:45:27.8766]
[线程：1]
注册总用时：0.0025ms
自动扫描程序集：0个
扩展缓存：

[[[微信扩展缓存注册完成]]]
[2022/01/28 17:45:27.8766]
[线程：1]
微信扩展缓存注册总用时：0.0005ms
扩展缓存：Senparc.Weixin.Cache.LocalContainerCacheStrategy

[[[自动注册扩展缓存完成]]]
[2022/01/28 17:46:38.7177]
[线程：1]
注册总用时：2.2662ms
自动扫描程序集：0个
扩展缓存：

[[[微信扩展缓存注册完成]]]
[2022/01/28 17:46:38.7323]
[线程：1]
微信扩展缓存注册总用时：0.0828ms
扩展缓存：Senparc.Weixin.Cache.LocalContainerCacheStrategy

[[[自动注册扩展缓存完成]]]
[2022/01/28 17:46:38.8954]
[线程：1]
注册总用时：0.0028ms
自动扫描程序集：0个
扩展缓存：

[[[微信扩展缓存注册完成]]]
[2022/01/28 17:46:38.8955]
[线程：1]
微信扩展缓存注册总用时：0.0005ms
扩展缓存：Senparc.Weixin.Cache.LocalContainerCacheStrategy

[[[自动注册扩展缓存完成]]]
[2022/01/28 17:47:43.7894]
[线程：1]
注册总用时：2.7094ms
自动扫描程序集：0个
扩展缓存：

[[[微信扩展缓存注册完成]]]
[2022/01/28 17:47:43.8016]
[线程：1]
微信扩展缓存注册总用时：0.1032ms
扩展缓存：Senparc.Weixin.Cache.LocalContainerCacheStrategy

[[[自动注册扩展缓存完成]]]
[2022/01/28 17:47:44.0155]
[线程：1]
注册总用时：0.0025ms
自动扫描程序集：0个
扩展缓存：

[[[微信扩展缓存注册完成]]]
[2022/01/28 17:47:44.0156]
[线程：1]
微信扩展缓存注册总用时：0.0007ms
扩展缓存：Senparc.Weixin.Cache.LocalContainerCacheStrategy

[[[自动注册扩展缓存完成]]]
[2022/01/28 17:49:16.8683]
[线程：1]
注册总用时：1.8573ms
自动扫描程序集：0个
扩展缓存：

[[[微信扩展缓存注册完成]]]
[2022/01/28 17:49:16.8791]
[线程：1]
微信扩展缓存注册总用时：0.0847ms
扩展缓存：Senparc.Weixin.Cache.LocalContainerCacheStrategy

[[[自动注册扩展缓存完成]]]
[2022/01/28 17:49:17.0136]
[线程：1]
注册总用时：0.0022ms
自动扫描程序集：0个
扩展缓存：

[[[微信扩展缓存注册完成]]]
[2022/01/28 17:49:17.0137]
[线程：1]
微信扩展缓存注册总用时：0.0006ms
扩展缓存：Senparc.Weixin.Cache.LocalContainerCacheStrategy

[[[自动注册扩展缓存完成]]]
[2022/01/28 17:50:31.3564]
[线程：1]
注册总用时：2.1902ms
自动扫描程序集：0个
扩展缓存：

[[[微信扩展缓存注册完成]]]
[2022/01/28 17:50:31.3701]
[线程：1]
微信扩展缓存注册总用时：0.1042ms
扩展缓存：Senparc.Weixin.Cache.LocalContainerCacheStrategy

[[[自动注册扩展缓存完成]]]
[2022/01/28 17:50:31.5745]
[线程：1]
注册总用时：0.0029ms
自动扫描程序集：0个
扩展缓存：

[[[微信扩展缓存注册完成]]]
[2022/01/28 17:50:31.5746]
[线程：1]
微信扩展缓存注册总用时：0.0006ms
扩展缓存：Senparc.Weixin.Cache.LocalContainerCacheStrategy

[[[自动注册扩展缓存完成]]]
[2022/01/28 17:53:55.9381]
[线程：1]
注册总用时：1.8006ms
自动扫描程序集：0个
扩展缓存：

[[[微信扩展缓存注册完成]]]
[2022/01/28 17:53:55.9494]
[线程：1]
微信扩展缓存注册总用时：0.0905ms
扩展缓存：Senparc.Weixin.Cache.LocalContainerCacheStrategy

[[[自动注册扩展缓存完成]]]
[2022/01/28 17:53:56.0954]
[线程：1]
注册总用时：0.0021ms
自动扫描程序集：0个
扩展缓存：

[[[微信扩展缓存注册完成]]]
[2022/01/28 17:53:56.0954]
[线程：1]
微信扩展缓存注册总用时：0.0005ms
扩展缓存：Senparc.Weixin.Cache.LocalContainerCacheStrategy

[[[自动注册扩展缓存完成]]]
[2022/01/28 17:56:28.4978]
[线程：1]
注册总用时：2.9156ms
自动扫描程序集：0个
扩展缓存：

[[[微信扩展缓存注册完成]]]
[2022/01/28 17:56:28.5106]
[线程：1]
微信扩展缓存注册总用时：0.1307ms
扩展缓存：Senparc.Weixin.Cache.LocalContainerCacheStrategy

[[[自动注册扩展缓存完成]]]
[2022/01/28 17:56:28.6612]
[线程：1]
注册总用时：0.0024ms
自动扫描程序集：0个
扩展缓存：

[[[微信扩展缓存注册完成]]]
[2022/01/28 17:56:28.6613]
[线程：1]
微信扩展缓存注册总用时：0.0006ms
扩展缓存：Senparc.Weixin.Cache.LocalContainerCacheStrategy

[[[自动注册扩展缓存完成]]]
[2022/01/28 17:58:00.6552]
[线程：1]
注册总用时：2.2209ms
自动扫描程序集：0个
扩展缓存：

[[[微信扩展缓存注册完成]]]
[2022/01/28 17:58:00.6653]
[线程：1]
微信扩展缓存注册总用时：0.0794ms
扩展缓存：Senparc.Weixin.Cache.LocalContainerCacheStrategy

[[[自动注册扩展缓存完成]]]
[2022/01/28 17:58:00.8158]
[线程：1]
注册总用时：0.0027ms
自动扫描程序集：0个
扩展缓存：

[[[微信扩展缓存注册完成]]]
[2022/01/28 17:58:00.8159]
[线程：1]
微信扩展缓存注册总用时：0.0006ms
扩展缓存：Senparc.Weixin.Cache.LocalContainerCacheStrategy

[[[自动注册扩展缓存完成]]]
[2022/01/28 17:58:18.0298]
[线程：1]
注册总用时：2.4353ms
自动扫描程序集：0个
扩展缓存：

[[[微信扩展缓存注册完成]]]
[2022/01/28 17:58:18.0435]
[线程：1]
微信扩展缓存注册总用时：0.1089ms
扩展缓存：Senparc.Weixin.Cache.LocalContainerCacheStrategy

[[[自动注册扩展缓存完成]]]
[2022/01/28 17:58:18.2469]
[线程：1]
注册总用时：0.0033ms
自动扫描程序集：0个
扩展缓存：

[[[微信扩展缓存注册完成]]]
[2022/01/28 17:58:18.2470]
[线程：1]
微信扩展缓存注册总用时：0.0012ms
扩展缓存：Senparc.Weixin.Cache.LocalContainerCacheStrategy

[[[自动注册扩展缓存完成]]]
[2022/01/28 17:59:30.6439]
[线程：1]
注册总用时：2.1851ms
自动扫描程序集：0个
扩展缓存：

[[[微信扩展缓存注册完成]]]
[2022/01/28 17:59:30.6555]
[线程：1]
微信扩展缓存注册总用时：0.0858ms
扩展缓存：Senparc.Weixin.Cache.LocalContainerCacheStrategy

[[[自动注册扩展缓存完成]]]
[2022/01/28 17:59:30.7994]
[线程：1]
注册总用时：0.0034ms
自动扫描程序集：0个
扩展缓存：

[[[微信扩展缓存注册完成]]]
[2022/01/28 17:59:30.7995]
[线程：1]
微信扩展缓存注册总用时：0.0006ms
扩展缓存：Senparc.Weixin.Cache.LocalContainerCacheStrategy

[[[自动注册扩展缓存完成]]]
[2022/01/28 18:00:50.1990]
[线程：1]
注册总用时：2.1837ms
自动扫描程序集：0个
扩展缓存：

[[[微信扩展缓存注册完成]]]
[2022/01/28 18:00:50.2096]
[线程：1]
微信扩展缓存注册总用时：0.0754ms
扩展缓存：Senparc.Weixin.Cache.LocalContainerCacheStrategy

[[[自动注册扩展缓存完成]]]
[2022/01/28 18:00:50.3494]
[线程：1]
注册总用时：0.0026ms
自动扫描程序集：0个
扩展缓存：

[[[微信扩展缓存注册完成]]]
[2022/01/28 18:00:50.3494]
[线程：1]
微信扩展缓存注册总用时：0.0006ms
扩展缓存：Senparc.Weixin.Cache.LocalContainerCacheStrategy

[[[自动注册扩展缓存完成]]]
[2022/01/28 18:02:54.8771]
[线程：1]
注册总用时：1.8113ms
自动扫描程序集：0个
扩展缓存：

[[[微信扩展缓存注册完成]]]
[2022/01/28 18:02:54.8889]
[线程：1]
微信扩展缓存注册总用时：0.0799ms
扩展缓存：Senparc.Weixin.Cache.LocalContainerCacheStrategy

[[[自动注册扩展缓存完成]]]
[2022/01/28 18:02:55.0238]
[线程：1]
注册总用时：0.0024ms
自动扫描程序集：0个
扩展缓存：

[[[微信扩展缓存注册完成]]]
[2022/01/28 18:02:55.0239]
[线程：1]
微信扩展缓存注册总用时：0.0004ms
扩展缓存：Senparc.Weixin.Cache.LocalContainerCacheStrategy

[[[自动注册扩展缓存完成]]]
[2022/01/28 18:03:28.9725]
[线程：1]
注册总用时：3.2941ms
自动扫描程序集：0个
扩展缓存：

[[[微信扩展缓存注册完成]]]
[2022/01/28 18:03:28.9883]
[线程：1]
微信扩展缓存注册总用时：0.1147ms
扩展缓存：Senparc.Weixin.Cache.LocalContainerCacheStrategy

[[[自动注册扩展缓存完成]]]
[2022/01/28 18:03:29.1499]
[线程：1]
注册总用时：0.0021ms
自动扫描程序集：0个
扩展缓存：

[[[微信扩展缓存注册完成]]]
[2022/01/28 18:03:29.1500]
[线程：1]
微信扩展缓存注册总用时：0.0008ms
扩展缓存：Senparc.Weixin.Cache.LocalContainerCacheStrategy

[[[自动注册扩展缓存完成]]]
[2022/01/28 18:04:13.5398]
[线程：1]
注册总用时：1.8307ms
自动扫描程序集：0个
扩展缓存：

[[[微信扩展缓存注册完成]]]
[2022/01/28 18:04:13.5514]
[线程：1]
微信扩展缓存注册总用时：0.0830ms
扩展缓存：Senparc.Weixin.Cache.LocalContainerCacheStrategy

[[[自动注册扩展缓存完成]]]
[2022/01/28 18:04:13.7721]
[线程：1]
注册总用时：0.006ms
自动扫描程序集：0个
扩展缓存：

[[[微信扩展缓存注册完成]]]
[2022/01/28 18:04:13.7722]
[线程：1]
微信扩展缓存注册总用时：0.0020ms
扩展缓存：Senparc.Weixin.Cache.LocalContainerCacheStrategy

[[[自动注册扩展缓存完成]]]
[2022/01/28 18:04:49.1934]
[线程：1]
注册总用时：1.8966ms
自动扫描程序集：0个
扩展缓存：

[[[微信扩展缓存注册完成]]]
[2022/01/28 18:04:49.2055]
[线程：1]
微信扩展缓存注册总用时：0.1179ms
扩展缓存：Senparc.Weixin.Cache.LocalContainerCacheStrategy

[[[自动注册扩展缓存完成]]]
[2022/01/28 18:04:49.3422]
[线程：1]
注册总用时：0.0021ms
自动扫描程序集：0个
扩展缓存：

[[[微信扩展缓存注册完成]]]
[2022/01/28 18:04:49.3423]
[线程：1]
微信扩展缓存注册总用时：0.0006ms
扩展缓存：Senparc.Weixin.Cache.LocalContainerCacheStrategy

[[[自动注册扩展缓存完成]]]
[2022/01/28 18:06:05.4305]
[线程：1]
注册总用时：2.2948ms
自动扫描程序集：0个
扩展缓存：

[[[微信扩展缓存注册完成]]]
[2022/01/28 18:06:05.4444]
[线程：1]
微信扩展缓存注册总用时：0.0911ms
扩展缓存：Senparc.Weixin.Cache.LocalContainerCacheStrategy

[[[自动注册扩展缓存完成]]]
[2022/01/28 18:06:05.6061]
[线程：1]
注册总用时：0.0021ms
自动扫描程序集：0个
扩展缓存：

[[[微信扩展缓存注册完成]]]
[2022/01/28 18:06:05.6061]
[线程：1]
微信扩展缓存注册总用时：0.0005ms
扩展缓存：Senparc.Weixin.Cache.LocalContainerCacheStrategy

[[[自动注册扩展缓存完成]]]
[2022/01/28 18:11:38.8470]
[线程：1]
注册总用时：2.7367ms
自动扫描程序集：0个
扩展缓存：

[[[微信扩展缓存注册完成]]]
[2022/01/28 18:11:38.8605]
[线程：1]
微信扩展缓存注册总用时：0.0921ms
扩展缓存：Senparc.Weixin.Cache.LocalContainerCacheStrategy

[[[自动注册扩展缓存完成]]]
[2022/01/28 18:11:39.0287]
[线程：1]
注册总用时：0.0032ms
自动扫描程序集：0个
扩展缓存：

[[[微信扩展缓存注册完成]]]
[2022/01/28 18:11:39.0288]
[线程：1]
微信扩展缓存注册总用时：0.0010ms
扩展缓存：Senparc.Weixin.Cache.LocalContainerCacheStrategy

[[[自动注册扩展缓存完成]]]
[2022/01/28 18:13:16.5526]
[线程：1]
注册总用时：1.8527ms
自动扫描程序集：0个
扩展缓存：

[[[微信扩展缓存注册完成]]]
[2022/01/28 18:13:16.5634]
[线程：1]
微信扩展缓存注册总用时：0.0881ms
扩展缓存：Senparc.Weixin.Cache.LocalContainerCacheStrategy

[[[自动注册扩展缓存完成]]]
[2022/01/28 18:13:16.7885]
[线程：1]
注册总用时：0.003ms
自动扫描程序集：0个
扩展缓存：

[[[微信扩展缓存注册完成]]]
[2022/01/28 18:13:16.7886]
[线程：1]
微信扩展缓存注册总用时：0.0012ms
扩展缓存：Senparc.Weixin.Cache.LocalContainerCacheStrategy

[[[自动注册扩展缓存完成]]]
[2022/01/28 18:14:13.2799]
[线程：1]
注册总用时：1.7993ms
自动扫描程序集：0个
扩展缓存：

[[[微信扩展缓存注册完成]]]
[2022/01/28 18:14:13.2915]
[线程：1]
微信扩展缓存注册总用时：0.0851ms
扩展缓存：Senparc.Weixin.Cache.LocalContainerCacheStrategy

[[[自动注册扩展缓存完成]]]
[2022/01/28 18:14:13.4956]
[线程：1]
注册总用时：0.0028ms
自动扫描程序集：0个
扩展缓存：

[[[微信扩展缓存注册完成]]]
[2022/01/28 18:14:13.4957]
[线程：1]
微信扩展缓存注册总用时：0.0013ms
扩展缓存：Senparc.Weixin.Cache.LocalContainerCacheStrategy

[[[自动注册扩展缓存完成]]]
[2022/01/28 18:16:46.8241]
[线程：1]
注册总用时：2.6166ms
自动扫描程序集：0个
扩展缓存：

[[[微信扩展缓存注册完成]]]
[2022/01/28 18:16:46.8375]
[线程：1]
微信扩展缓存注册总用时：0.0974ms
扩展缓存：Senparc.Weixin.Cache.LocalContainerCacheStrategy

[[[自动注册扩展缓存完成]]]
[2022/01/28 18:16:47.0125]
[线程：1]
注册总用时：0.0027ms
自动扫描程序集：0个
扩展缓存：

[[[微信扩展缓存注册完成]]]
[2022/01/28 18:16:47.0126]
[线程：1]
微信扩展缓存注册总用时：0.0006ms
扩展缓存：Senparc.Weixin.Cache.LocalContainerCacheStrategy

[[[自动注册扩展缓存完成]]]
[2022/01/28 18:17:22.0488]
[线程：1]
注册总用时：1.7937ms
自动扫描程序集：0个
扩展缓存：

[[[微信扩展缓存注册完成]]]
[2022/01/28 18:17:22.0611]
[线程：1]
微信扩展缓存注册总用时：0.1104ms
扩展缓存：Senparc.Weixin.Cache.LocalContainerCacheStrategy

[[[自动注册扩展缓存完成]]]
[2022/01/28 18:17:22.1964]
[线程：1]
注册总用时：0.002ms
自动扫描程序集：0个
扩展缓存：

[[[微信扩展缓存注册完成]]]
[2022/01/28 18:17:22.1965]
[线程：1]
微信扩展缓存注册总用时：0.0007ms
扩展缓存：Senparc.Weixin.Cache.LocalContainerCacheStrategy

[[[自动注册扩展缓存完成]]]
[2022/01/28 18:17:46.0172]
[线程：1]
注册总用时：1.8609ms
自动扫描程序集：0个
扩展缓存：

[[[微信扩展缓存注册完成]]]
[2022/01/28 18:17:46.0299]
[线程：1]
微信扩展缓存注册总用时：0.1348ms
扩展缓存：Senparc.Weixin.Cache.LocalContainerCacheStrategy

[[[自动注册扩展缓存完成]]]
[2022/01/28 18:17:46.1624]
[线程：1]
注册总用时：0.002ms
自动扫描程序集：0个
扩展缓存：

[[[微信扩展缓存注册完成]]]
[2022/01/28 18:17:46.1624]
[线程：1]
微信扩展缓存注册总用时：0.0005ms
扩展缓存：Senparc.Weixin.Cache.LocalContainerCacheStrategy

[[[自动注册扩展缓存完成]]]
[2022/01/28 18:18:04.1963]
[线程：1]
注册总用时：1.9649ms
自动扫描程序集：0个
扩展缓存：

[[[微信扩展缓存注册完成]]]
[2022/01/28 18:18:04.2079]
[线程：1]
微信扩展缓存注册总用时：0.0858ms
扩展缓存：Senparc.Weixin.Cache.LocalContainerCacheStrategy

[[[自动注册扩展缓存完成]]]
[2022/01/28 18:18:04.3388]
[线程：1]
注册总用时：0.0019ms
自动扫描程序集：0个
扩展缓存：

[[[微信扩展缓存注册完成]]]
[2022/01/28 18:18:04.3389]
[线程：1]
微信扩展缓存注册总用时：0.0004ms
扩展缓存：Senparc.Weixin.Cache.LocalContainerCacheStrategy

[[[自动注册扩展缓存完成]]]
[2022/01/28 18:23:42.8811]
[线程：1]
注册总用时：2.7465ms
自动扫描程序集：0个
扩展缓存：

[[[微信扩展缓存注册完成]]]
[2022/01/28 18:23:42.8934]
[线程：1]
微信扩展缓存注册总用时：0.0916ms
扩展缓存：Senparc.Weixin.Cache.LocalContainerCacheStrategy

[[[自动注册扩展缓存完成]]]
[2022/01/28 18:23:43.0427]
[线程：1]
注册总用时：0.0021ms
自动扫描程序集：0个
扩展缓存：

[[[微信扩展缓存注册完成]]]
[2022/01/28 18:23:43.0428]
[线程：1]
微信扩展缓存注册总用时：0.0008ms
扩展缓存：Senparc.Weixin.Cache.LocalContainerCacheStrategy

[[[自动注册扩展缓存完成]]]
[2022/01/28 18:24:09.3804]
[线程：1]
注册总用时：1.9244ms
自动扫描程序集：0个
扩展缓存：

[[[微信扩展缓存注册完成]]]
[2022/01/28 18:24:09.3909]
[线程：1]
微信扩展缓存注册总用时：0.0887ms
扩展缓存：Senparc.Weixin.Cache.LocalContainerCacheStrategy

[[[自动注册扩展缓存完成]]]
[2022/01/28 18:24:09.5256]
[线程：1]
注册总用时：0.0025ms
自动扫描程序集：0个
扩展缓存：

[[[微信扩展缓存注册完成]]]
[2022/01/28 18:24:09.5257]
[线程：1]
微信扩展缓存注册总用时：0.0007ms
扩展缓存：Senparc.Weixin.Cache.LocalContainerCacheStrategy

[[[自动注册扩展缓存完成]]]
[2022/01/28 18:25:29.9902]
[线程：1]
注册总用时：1.7707ms
自动扫描程序集：0个
扩展缓存：

[[[微信扩展缓存注册完成]]]
[2022/01/28 18:25:30.0013]
[线程：1]
微信扩展缓存注册总用时：0.1042ms
扩展缓存：Senparc.Weixin.Cache.LocalContainerCacheStrategy

[[[自动注册扩展缓存完成]]]
[2022/01/28 18:25:30.1789]
[线程：1]
注册总用时：0.0036ms
自动扫描程序集：0个
扩展缓存：

[[[微信扩展缓存注册完成]]]
[2022/01/28 18:25:30.1790]
[线程：1]
微信扩展缓存注册总用时：0.0014ms
扩展缓存：Senparc.Weixin.Cache.LocalContainerCacheStrategy

[[[自动注册扩展缓存完成]]]
[2022/01/28 18:30:43.7601]
[线程：1]
注册总用时：2.9192ms
自动扫描程序集：0个
扩展缓存：

[[[微信扩展缓存注册完成]]]
[2022/01/28 18:30:43.7774]
[线程：1]
微信扩展缓存注册总用时：0.1439ms
扩展缓存：Senparc.Weixin.Cache.LocalContainerCacheStrategy

[[[自动注册扩展缓存完成]]]
[2022/01/28 18:30:43.9689]
[线程：1]
注册总用时：0.0027ms
自动扫描程序集：0个
扩展缓存：

[[[微信扩展缓存注册完成]]]
[2022/01/28 18:30:43.9689]
[线程：1]
微信扩展缓存注册总用时：0.0005ms
扩展缓存：Senparc.Weixin.Cache.LocalContainerCacheStrategy

[[[自动注册扩展缓存完成]]]
[2022/01/28 18:32:20.0432]
[线程：1]
注册总用时：1.7173ms
自动扫描程序集：0个
扩展缓存：

[[[微信扩展缓存注册完成]]]
[2022/01/28 18:32:20.0541]
[线程：1]
微信扩展缓存注册总用时：0.0778ms
扩展缓存：Senparc.Weixin.Cache.LocalContainerCacheStrategy

[[[自动注册扩展缓存完成]]]
[2022/01/28 18:32:20.1890]
[线程：1]
注册总用时：0.0035ms
自动扫描程序集：0个
扩展缓存：

[[[微信扩展缓存注册完成]]]
[2022/01/28 18:32:20.1891]
[线程：1]
微信扩展缓存注册总用时：0.0006ms
扩展缓存：Senparc.Weixin.Cache.LocalContainerCacheStrategy

[[[自动注册扩展缓存完成]]]
[2022/01/28 18:34:17.9820]
[线程：1]
注册总用时：1.7743ms
自动扫描程序集：0个
扩展缓存：

[[[微信扩展缓存注册完成]]]
[2022/01/28 18:34:17.9923]
[线程：1]
微信扩展缓存注册总用时：0.0821ms
扩展缓存：Senparc.Weixin.Cache.LocalContainerCacheStrategy

[[[自动注册扩展缓存完成]]]
[2022/01/28 18:34:18.1280]
[线程：1]
注册总用时：0.0024ms
自动扫描程序集：0个
扩展缓存：

[[[微信扩展缓存注册完成]]]
[2022/01/28 18:34:18.1281]
[线程：1]
微信扩展缓存注册总用时：0.0005ms
扩展缓存：Senparc.Weixin.Cache.LocalContainerCacheStrategy

[[[自动注册扩展缓存完成]]]
[2022/01/28 18:34:47.3443]
[线程：1]
注册总用时：1.8257ms
自动扫描程序集：0个
扩展缓存：

[[[微信扩展缓存注册完成]]]
[2022/01/28 18:34:47.3556]
[线程：1]
微信扩展缓存注册总用时：0.0864ms
扩展缓存：Senparc.Weixin.Cache.LocalContainerCacheStrategy

[[[自动注册扩展缓存完成]]]
[2022/01/28 18:34:47.5006]
[线程：1]
注册总用时：0.0025ms
自动扫描程序集：0个
扩展缓存：

[[[微信扩展缓存注册完成]]]
[2022/01/28 18:34:47.5006]
[线程：1]
微信扩展缓存注册总用时：0.0005ms
扩展缓存：Senparc.Weixin.Cache.LocalContainerCacheStrategy

[[[自动注册扩展缓存完成]]]
[2022/01/28 18:35:27.6107]
[线程：1]
注册总用时：1.9023ms
自动扫描程序集：0个
扩展缓存：

[[[微信扩展缓存注册完成]]]
[2022/01/28 18:35:27.6213]
[线程：1]
微信扩展缓存注册总用时：0.0895ms
扩展缓存：Senparc.Weixin.Cache.LocalContainerCacheStrategy

[[[自动注册扩展缓存完成]]]
[2022/01/28 18:35:27.8318]
[线程：1]
注册总用时：0.0029ms
自动扫描程序集：0个
扩展缓存：

[[[微信扩展缓存注册完成]]]
[2022/01/28 18:35:27.8319]
[线程：1]
微信扩展缓存注册总用时：0.0008ms
扩展缓存：Senparc.Weixin.Cache.LocalContainerCacheStrategy

[[[自动注册扩展缓存完成]]]
[2022/01/28 18:37:51.9026]
[线程：1]
注册总用时：2.0889ms
自动扫描程序集：0个
扩展缓存：

[[[微信扩展缓存注册完成]]]
[2022/01/28 18:37:51.9183]
[线程：1]
微信扩展缓存注册总用时：0.1240ms
扩展缓存：Senparc.Weixin.Cache.LocalContainerCacheStrategy

[[[自动注册扩展缓存完成]]]
[2022/01/28 18:37:52.1250]
[线程：1]
注册总用时：0.0024ms
自动扫描程序集：0个
扩展缓存：

[[[微信扩展缓存注册完成]]]
[2022/01/28 18:37:52.1251]
[线程：1]
微信扩展缓存注册总用时：0.0005ms
扩展缓存：Senparc.Weixin.Cache.LocalContainerCacheStrategy

[[[自动注册扩展缓存完成]]]
[2022/01/28 18:38:31.9553]
[线程：1]
注册总用时：1.8399ms
自动扫描程序集：0个
扩展缓存：

[[[微信扩展缓存注册完成]]]
[2022/01/28 18:38:31.9659]
[线程：1]
微信扩展缓存注册总用时：0.0800ms
扩展缓存：Senparc.Weixin.Cache.LocalContainerCacheStrategy

[[[自动注册扩展缓存完成]]]
[2022/01/28 18:38:32.1158]
[线程：1]
注册总用时：0.0031ms
自动扫描程序集：0个
扩展缓存：

[[[微信扩展缓存注册完成]]]
[2022/01/28 18:38:32.1159]
[线程：1]
微信扩展缓存注册总用时：0.0007ms
扩展缓存：Senparc.Weixin.Cache.LocalContainerCacheStrategy

[[[自动注册扩展缓存完成]]]
[2022/01/28 18:39:13.0240]
[线程：1]
注册总用时：1.8668ms
自动扫描程序集：0个
扩展缓存：

[[[微信扩展缓存注册完成]]]
[2022/01/28 18:39:13.0360]
[线程：1]
微信扩展缓存注册总用时：0.1115ms
扩展缓存：Senparc.Weixin.Cache.LocalContainerCacheStrategy

[[[自动注册扩展缓存完成]]]
[2022/01/28 18:39:13.2017]
[线程：1]
注册总用时：0.0027ms
自动扫描程序集：0个
扩展缓存：

[[[微信扩展缓存注册完成]]]
[2022/01/28 18:39:13.2018]
[线程：1]
微信扩展缓存注册总用时：0.0005ms
扩展缓存：Senparc.Weixin.Cache.LocalContainerCacheStrategy

