[[[自动注册扩展缓存完成]]]
[2022/01/27 08:42:04.4114]
[线程：1]
注册总用时：2.3729ms
自动扫描程序集：0个
扩展缓存：

[[[微信扩展缓存注册完成]]]
[2022/01/27 08:42:04.4269]
[线程：1]
微信扩展缓存注册总用时：0.1255ms
扩展缓存：Senparc.Weixin.Cache.LocalContainerCacheStrategy

[[[自动注册扩展缓存完成]]]
[2022/01/27 08:42:04.6056]
[线程：1]
注册总用时：0.0023ms
自动扫描程序集：0个
扩展缓存：

[[[微信扩展缓存注册完成]]]
[2022/01/27 08:42:04.6057]
[线程：1]
微信扩展缓存注册总用时：0.0005ms
扩展缓存：Senparc.Weixin.Cache.LocalContainerCacheStrategy

[[[自动注册扩展缓存完成]]]
[2022/01/27 17:46:24.0904]
[线程：1]
注册总用时：2.3961ms
自动扫描程序集：0个
扩展缓存：

[[[微信扩展缓存注册完成]]]
[2022/01/27 17:46:24.1027]
[线程：1]
微信扩展缓存注册总用时：0.0913ms
扩展缓存：Senparc.Weixin.Cache.LocalContainerCacheStrategy

[[[自动注册扩展缓存完成]]]
[2022/01/27 17:46:24.2666]
[线程：1]
注册总用时：0.0024ms
自动扫描程序集：0个
扩展缓存：

[[[微信扩展缓存注册完成]]]
[2022/01/27 17:46:24.2667]
[线程：1]
微信扩展缓存注册总用时：0.0005ms
扩展缓存：Senparc.Weixin.Cache.LocalContainerCacheStrategy

[[[接口调用]]]
[2022/01/27 17:46:35.7841]
[线程：26]
	URL：https://api.weixin.qq.com/cgi-bin/message/template/send?access_token=53_yR84lADS3emeUEyzfbI6QzYTfgKeDfYuWrT0P-EsggiFUIzpUY3lzGUYb34CVxV9v9l0yjBCNNozBnrNkcC-D9nDKO1abMPyzGMkiFhb_iIKpAJpjQctsWxYF20m0cpY-oG_sW12LI19aJxVMVIfAIARAN
	Post Data：
{"touser":"oTuBi09bM6KJqH_r-KVAZqaDy8tQ","template_id":"TYROSV2t-8ESwJ5jA4LzmVA9Wm6TGbH3jJIN3OkhZ68","topcolor":"#FF0000","url":null,"miniprogram":null,"data":{"first":{"value":"贷款审批流程提醒","color":"#173177"},"keyword1":{"value":"贷款审批平台","color":"#173177"},"keyword2":{"value":"审批","color":"#173177"},"keyword3":{"value":"审批超期","color":"#173177"},"keyword4":{"value":"张三","color":"#173177"},"keyword5":{"value":"贷款申请","color":"#173177"},"remark":{"value":"请在时限内完成审批流程","color":"#173177"},"TemplateId":"TYROSV2t-8ESwJ5jA4LzmVA9Wm6TGbH3jJIN3OkhZ68","Url":null,"TemplateName":"预约成功"}}

[[[接口调用]]]
[2022/01/27 17:48:05.3599]
[线程：20]
	URL：https://api.weixin.qq.com/cgi-bin/message/template/send?access_token=53_yR84lADS3emeUEyzfbI6QzYTfgKeDfYuWrT0P-EsggiFUIzpUY3lzGUYb34CVxV9v9l0yjBCNNozBnrNkcC-D9nDKO1abMPyzGMkiFhb_iIKpAJpjQctsWxYF20m0cpY-oG_sW12LI19aJxVMVIfAIARAN
	Post Data：
{"touser":"oTuBi0wJM_Uq6C41VV55u6tCBY8c","template_id":"TYROSV2t-8ESwJ5jA4LzmVA9Wm6TGbH3jJIN3OkhZ68","topcolor":"#FF0000","url":null,"miniprogram":null,"data":{"first":{"value":"贷款审批流程提醒","color":"#173177"},"keyword1":{"value":"贷款审批平台","color":"#173177"},"keyword2":{"value":"审批","color":"#173177"},"keyword3":{"value":"审批超期","color":"#173177"},"keyword4":{"value":"张三","color":"#173177"},"keyword5":{"value":"贷款申请","color":"#173177"},"remark":{"value":"请在时限内完成审批流程","color":"#173177"},"TemplateId":"TYROSV2t-8ESwJ5jA4LzmVA9Wm6TGbH3jJIN3OkhZ68","Url":null,"TemplateName":"预约成功"}}

[[[自动注册扩展缓存完成]]]
[2022/01/27 17:54:30.9072]
[线程：1]
注册总用时：2.2056ms
自动扫描程序集：0个
扩展缓存：

[[[微信扩展缓存注册完成]]]
[2022/01/27 17:54:30.9187]
[线程：1]
微信扩展缓存注册总用时：0.0994ms
扩展缓存：Senparc.Weixin.Cache.LocalContainerCacheStrategy

[[[自动注册扩展缓存完成]]]
[2022/01/27 17:54:31.0761]
[线程：1]
注册总用时：0.0024ms
自动扫描程序集：0个
扩展缓存：

[[[微信扩展缓存注册完成]]]
[2022/01/27 17:54:31.0762]
[线程：1]
微信扩展缓存注册总用时：0.0005ms
扩展缓存：Senparc.Weixin.Cache.LocalContainerCacheStrategy

[[[接口调用]]]
[2022/01/27 17:55:06.1431]
[线程：28]
	URL：https://api.weixin.qq.com/cgi-bin/message/template/send?access_token=53_5QWJ7qtSthDuwY-_EHLcBEx8r90uHV_Tpwmy4F6Ufsz9lN7I_4vRqxQGYTJmK1s35gGvHS6LSdHK8dHzboKoKBAWmlJh1_kHu1zxla6vsMyuzqEGHCR32YP6o_Ti-Bxx4V4TT4BEUQgPY6HeXTWfACANJM
	Post Data：
{"touser":"oTuBi0wJM_Uq6C41VV55u6tCBY8c","template_id":"TYROSV2t-8ESwJ5jA4LzmVA9Wm6TGbH3jJIN3OkhZ68","topcolor":"#FF0000","url":null,"miniprogram":null,"data":{"first":{"value":"未处理事项提醒","color":"#ff0000"},"keyword1":{"value":"贷款审批平台","color":"#173177"},"keyword2":{"value":"审批","color":"#173177"},"keyword3":{"value":"审批超期","color":"#ff0000"},"keyword4":{"value":"张三","color":"#173177"},"keyword5":{"value":"贷款申请","color":"#173177"},"remark":{"value":"请在时限内完成审批流程","color":"#173177"},"TemplateId":"TYROSV2t-8ESwJ5jA4LzmVA9Wm6TGbH3jJIN3OkhZ68","Url":null,"TemplateName":"预约成功"}}

[[[接口调用]]]
[2022/01/27 17:55:42.7307]
[线程：30]
	URL：https://api.weixin.qq.com/cgi-bin/message/template/send?access_token=53_5QWJ7qtSthDuwY-_EHLcBEx8r90uHV_Tpwmy4F6Ufsz9lN7I_4vRqxQGYTJmK1s35gGvHS6LSdHK8dHzboKoKBAWmlJh1_kHu1zxla6vsMyuzqEGHCR32YP6o_Ti-Bxx4V4TT4BEUQgPY6HeXTWfACANJM
	Post Data：
{"touser":"oTuBi09bM6KJqH_r-KVAZqaDy8tQ","template_id":"TYROSV2t-8ESwJ5jA4LzmVA9Wm6TGbH3jJIN3OkhZ68","topcolor":"#FF0000","url":null,"miniprogram":null,"data":{"first":{"value":"未处理事项提醒","color":"#ff0000"},"keyword1":{"value":"贷款审批平台","color":"#173177"},"keyword2":{"value":"审批","color":"#173177"},"keyword3":{"value":"审批超期","color":"#ff0000"},"keyword4":{"value":"张三","color":"#173177"},"keyword5":{"value":"贷款申请","color":"#173177"},"remark":{"value":"请在时限内完成审批流程","color":"#173177"},"TemplateId":"TYROSV2t-8ESwJ5jA4LzmVA9Wm6TGbH3jJIN3OkhZ68","Url":null,"TemplateName":"预约成功"}}

[[[自动注册扩展缓存完成]]]
[2022/01/27 18:00:21.8316]
[线程：1]
注册总用时：2.2967ms
自动扫描程序集：0个
扩展缓存：

[[[微信扩展缓存注册完成]]]
[2022/01/27 18:00:21.8434]
[线程：1]
微信扩展缓存注册总用时：0.0769ms
扩展缓存：Senparc.Weixin.Cache.LocalContainerCacheStrategy

[[[自动注册扩展缓存完成]]]
[2022/01/27 18:00:22.0016]
[线程：1]
注册总用时：0.0021ms
自动扫描程序集：0个
扩展缓存：

[[[微信扩展缓存注册完成]]]
[2022/01/27 18:00:22.0016]
[线程：1]
微信扩展缓存注册总用时：0.0004ms
扩展缓存：Senparc.Weixin.Cache.LocalContainerCacheStrategy

[[[接口调用]]]
[2022/01/27 18:00:34.4896]
[线程：28]
	URL：https://api.weixin.qq.com/cgi-bin/message/template/send?access_token=53_Ec6kpkLzx5Y0ipams6l5hkLZsrqL9KMU5gteFZZVdT8lBxa5RpPo-NGxWLTAQbVhiAMLGhQlhqLErliWtrbQ-m67KNIqK1bdrgOu7mPTX4ESh-ghYWcB3PS0KYeTe2HjNrAowR3j2yG7vmX3IZEaAHAWNS
	Post Data：
{"touser":"oTuBi09bM6KJqH_r-KVAZqaDy8tQ","template_id":"TYROSV2t-8ESwJ5jA4LzmVA9Wm6TGbH3jJIN3OkhZ68","topcolor":"#FF0000","url":null,"miniprogram":null,"data":{"first":{"value":"未处理事项提醒","color":"#173177"},"keyword1":{"value":"贷款审批平台","color":"#173177"},"keyword2":{"value":"信贷员审批","color":"#173177"},"keyword3":{"value":"审批超期","color":"#ff0000"},"keyword4":{"value":"客户张三","color":"#173177"},"keyword5":{"value":"审批环节责任人:里斯","color":"#173177"},"remark":{"value":"请在时限内完成审批流程","color":"#173177"},"TemplateId":"TYROSV2t-8ESwJ5jA4LzmVA9Wm6TGbH3jJIN3OkhZ68","Url":null,"TemplateName":"预约成功"}}

[[[接口调用]]]
[2022/01/27 18:01:23.9810]
[线程：36]
	URL：https://api.weixin.qq.com/cgi-bin/message/template/send?access_token=53_Ec6kpkLzx5Y0ipams6l5hkLZsrqL9KMU5gteFZZVdT8lBxa5RpPo-NGxWLTAQbVhiAMLGhQlhqLErliWtrbQ-m67KNIqK1bdrgOu7mPTX4ESh-ghYWcB3PS0KYeTe2HjNrAowR3j2yG7vmX3IZEaAHAWNS
	Post Data：
{"touser":"oTuBi0wJM_Uq6C41VV55u6tCBY8c","template_id":"TYROSV2t-8ESwJ5jA4LzmVA9Wm6TGbH3jJIN3OkhZ68","topcolor":"#FF0000","url":null,"miniprogram":null,"data":{"first":{"value":"未处理事项提醒","color":"#173177"},"keyword1":{"value":"贷款审批平台","color":"#173177"},"keyword2":{"value":"信贷员审批","color":"#173177"},"keyword3":{"value":"审批超期","color":"#ff0000"},"keyword4":{"value":"客户张三","color":"#173177"},"keyword5":{"value":"审批环节责任人:里斯","color":"#173177"},"remark":{"value":"请在时限内完成审批流程","color":"#173177"},"TemplateId":"TYROSV2t-8ESwJ5jA4LzmVA9Wm6TGbH3jJIN3OkhZ68","Url":null,"TemplateName":"预约成功"}}

[[[自动注册扩展缓存完成]]]
[2022/01/27 18:03:07.0133]
[线程：1]
注册总用时：2.9882ms
自动扫描程序集：0个
扩展缓存：

[[[微信扩展缓存注册完成]]]
[2022/01/27 18:03:07.0261]
[线程：1]
微信扩展缓存注册总用时：0.1547ms
扩展缓存：Senparc.Weixin.Cache.LocalContainerCacheStrategy

[[[自动注册扩展缓存完成]]]
[2022/01/27 18:03:07.1776]
[线程：1]
注册总用时：0.002ms
自动扫描程序集：0个
扩展缓存：

[[[微信扩展缓存注册完成]]]
[2022/01/27 18:03:07.1777]
[线程：1]
微信扩展缓存注册总用时：0.0005ms
扩展缓存：Senparc.Weixin.Cache.LocalContainerCacheStrategy

[[[接口调用]]]
[2022/01/27 18:03:16.4951]
[线程：22]
	URL：https://api.weixin.qq.com/cgi-bin/message/template/send?access_token=53_VtWg8WOEbOmKqQG40_WWa5R_551LOx41jMr2zLIF8dCdxzESYMPDCiTS7jIhmX-FWXyPa3p5oEZarZeIZg0RfaG_SReFqKJgaO3w7JqNFOqhSdm-hGpvcdQ8kIcGY56itOQe4_lbLFHi_RrHBAJhAEANMV
	Post Data：
{"touser":"oTuBi0wJM_Uq6C41VV55u6tCBY8c","template_id":"TYROSV2t-8ESwJ5jA4LzmVA9Wm6TGbH3jJIN3OkhZ68","topcolor":"#FF0000","url":null,"miniprogram":null,"data":{"first":{"value":"未处理事项提醒","color":"#173177"},"keyword1":{"value":"贷款审批平台","color":"#173177"},"keyword2":{"value":"贷款审批","color":"#173177"},"keyword3":{"value":"信贷员审批超期","color":"#ff0000"},"keyword4":{"value":"客户张三","color":"#173177"},"keyword5":{"value":"审批环节责任人:里斯","color":"#173177"},"remark":{"value":"请在时限内完成审批流程","color":"#173177"},"TemplateId":"TYROSV2t-8ESwJ5jA4LzmVA9Wm6TGbH3jJIN3OkhZ68","Url":null,"TemplateName":"预约成功"}}

[[[自动注册扩展缓存完成]]]
[2022/01/27 18:04:58.8899]
[线程：1]
注册总用时：2.089ms
自动扫描程序集：0个
扩展缓存：

[[[微信扩展缓存注册完成]]]
[2022/01/27 18:04:58.9017]
[线程：1]
微信扩展缓存注册总用时：0.0931ms
扩展缓存：Senparc.Weixin.Cache.LocalContainerCacheStrategy

[[[自动注册扩展缓存完成]]]
[2022/01/27 18:04:59.0530]
[线程：1]
注册总用时：0.0028ms
自动扫描程序集：0个
扩展缓存：

[[[微信扩展缓存注册完成]]]
[2022/01/27 18:04:59.0531]
[线程：1]
微信扩展缓存注册总用时：0.0014ms
扩展缓存：Senparc.Weixin.Cache.LocalContainerCacheStrategy

[[[接口调用]]]
[2022/01/27 18:05:07.8636]
[线程：22]
	URL：https://api.weixin.qq.com/cgi-bin/message/template/send?access_token=53_0bOZPo_t8gwyZcYMYlu1gCf-a8I9DV3EfLXqyJd_Tti4k_HHOmanmla07_8XBFMbrqY8dH-p3VeHBDLcplcXmdIfEPtyVwc_tzraAzRbK8FkVtaRcl4hoVvJkggeEj65RLOm2zDl04rxf6Y5SOLbAFAFBY
	Post Data：
{"touser":"oTuBi0wJM_Uq6C41VV55u6tCBY8c","template_id":"TYROSV2t-8ESwJ5jA4LzmVA9Wm6TGbH3jJIN3OkhZ68","topcolor":"#FF0000","url":null,"miniprogram":null,"data":{"first":{"value":"未处理事项提醒","color":"#173177"},"keyword1":{"value":"贷款审批平台","color":"#173177"},"keyword2":{"value":"贷款审批","color":"#173177"},"keyword3":{"value":"中台审批超期","color":"#ff0000"},"keyword4":{"value":"客户张三 客户号:1235566","color":"#173177"},"keyword5":{"value":"信贷中台","color":"#173177"},"remark":{"value":"请在时限内完成审批流程","color":"#173177"},"TemplateId":"TYROSV2t-8ESwJ5jA4LzmVA9Wm6TGbH3jJIN3OkhZ68","Url":null,"TemplateName":"预约成功"}}

[[[自动注册扩展缓存完成]]]
[2022/01/27 18:06:32.3824]
[线程：1]
注册总用时：2.2682ms
自动扫描程序集：0个
扩展缓存：

[[[微信扩展缓存注册完成]]]
[2022/01/27 18:06:32.3942]
[线程：1]
微信扩展缓存注册总用时：0.0859ms
扩展缓存：Senparc.Weixin.Cache.LocalContainerCacheStrategy

[[[自动注册扩展缓存完成]]]
[2022/01/27 18:06:32.5680]
[线程：1]
注册总用时：0.0035ms
自动扫描程序集：0个
扩展缓存：

[[[微信扩展缓存注册完成]]]
[2022/01/27 18:06:32.5680]
[线程：1]
微信扩展缓存注册总用时：0.0009ms
扩展缓存：Senparc.Weixin.Cache.LocalContainerCacheStrategy

[[[接口调用]]]
[2022/01/27 18:06:41.9913]
[线程：29]
	URL：https://api.weixin.qq.com/cgi-bin/message/template/send?access_token=53_isuxqPWI4tuOS0BCdX0XJCyiXeLw9ZmyEeJm-ue5r6K4eK4c3cK-PSeYgu2vXFX2pUS5skP5MWDadjkR2OLXPrQal-AtsxwaX_xGkFcneTl--xjTEb-GySFR4ZdIOvM9126NXU5GVokhsQRyFUNjAJARGZ
	Post Data：
{"touser":"oTuBi0wJM_Uq6C41VV55u6tCBY8c","template_id":"TYROSV2t-8ESwJ5jA4LzmVA9Wm6TGbH3jJIN3OkhZ68","topcolor":"#FF0000","url":null,"miniprogram":null,"data":{"first":{"value":"未处理事项提醒","color":"#173177"},"keyword1":{"value":"贷款审批平台","color":"#173177"},"keyword2":{"value":"贷款审批","color":"#173177"},"keyword3":{"value":"中台审批超期","color":"#ff0000"},"keyword4":{"value":"客户张三 客户号:1235566","color":"#173177"},"keyword5":{"value":"信贷中台:王二","color":"#173177"},"remark":{"value":"请在时限内完成审批流程","color":"#173177"},"TemplateId":"TYROSV2t-8ESwJ5jA4LzmVA9Wm6TGbH3jJIN3OkhZ68","Url":null,"TemplateName":"预约成功"}}

