[[[ErrorJsonResultException]]]
[2022/04/16 14:16:45.9389]
[线程：57]
	ErrorJsonResultException
	AccessTokenOrAppId：null
	URL：https://api.weixin.qq.com/sns/jscode2session?appid=wx8fd9cfdcfb1340bf&secret=00333ff4a5fa449bdc950a6116b11102&js_code=f341a0575aca1d6c3e16742a7425be850fe640d04c17203750ccc19707cfa2b8&grant_type=authorization_code
	errcode：不合法的oauth_code
	errmsg：invalid code, rid: 625a5f4e-756d45ce-46c5b1dc

[[[ErrorJsonResultException]]]
[2022/04/16 14:26:51.2511]
[线程：66]
	ErrorJsonResultException
	AccessTokenOrAppId：null
	URL：https://api.weixin.qq.com/sns/jscode2session?appid=wx0b5685d2415d4b1b&secret=352567ffc34c628f98be03e968d5b617&js_code=031un9000bcLFN1GJF100RMxlP3un900&grant_type=authorization_code
	errcode：不合法的oauth_code
	errmsg：invalid code, rid: 625a61ab-76c279f5-0330b212

[[[ErrorJsonResultException]]]
[2022/04/16 14:30:51.9635]
[线程：64]
	ErrorJsonResultException
	AccessTokenOrAppId：null
	URL：https://api.weixin.qq.com/sns/jscode2session?appid=wx0b5685d2415d4b1b&secret=352567ffc34c628f98be03e968d5b617&js_code=091tNY0000uuFN1XQA100M5CaR2tNY06&grant_type=authorization_code
	errcode：不合法的oauth_code
	errmsg：invalid code, rid: 625a629c-1769e8e6-735e78a9

