[[[自动注册扩展缓存完成]]]
[2022/02/05 17:52:07.2736]
[线程：1]
注册总用时：0.0024ms
自动扫描程序集：0个
扩展缓存：

[[[微信扩展缓存注册完成]]]
[2022/02/05 17:52:07.2737]
[线程：1]
微信扩展缓存注册总用时：0.0005ms
扩展缓存：Senparc.Weixin.Cache.LocalContainerCacheStrategy

[[[自动注册扩展缓存完成]]]
[2022/02/05 18:01:47.9596]
[线程：1]
注册总用时：0.0049ms
自动扫描程序集：0个
扩展缓存：

[[[微信扩展缓存注册完成]]]
[2022/02/05 18:01:47.9598]
[线程：1]
微信扩展缓存注册总用时：0.0012ms
扩展缓存：Senparc.Weixin.Cache.LocalContainerCacheStrategy

[[[自动注册扩展缓存完成]]]
[2022/02/05 18:07:05.4955]
[线程：1]
注册总用时：0.0025ms
自动扫描程序集：0个
扩展缓存：

[[[微信扩展缓存注册完成]]]
[2022/02/05 18:07:05.4956]
[线程：1]
微信扩展缓存注册总用时：0.0010ms
扩展缓存：Senparc.Weixin.Cache.LocalContainerCacheStrategy

[[[自动注册扩展缓存完成]]]
[2022/02/05 18:09:00.6068]
[线程：1]
注册总用时：0.0053ms
自动扫描程序集：0个
扩展缓存：

[[[微信扩展缓存注册完成]]]
[2022/02/05 18:09:00.6069]
[线程：1]
微信扩展缓存注册总用时：0.0011ms
扩展缓存：Senparc.Weixin.Cache.LocalContainerCacheStrategy

[[[自动注册扩展缓存完成]]]
[2022/02/05 18:11:28.6584]
[线程：1]
注册总用时：0.003ms
自动扫描程序集：0个
扩展缓存：

[[[微信扩展缓存注册完成]]]
[2022/02/05 18:11:28.6585]
[线程：1]
微信扩展缓存注册总用时：0.0006ms
扩展缓存：Senparc.Weixin.Cache.LocalContainerCacheStrategy

[[[自动注册扩展缓存完成]]]
[2022/02/05 18:12:25.0180]
[线程：1]
注册总用时：0.0022ms
自动扫描程序集：0个
扩展缓存：

[[[微信扩展缓存注册完成]]]
[2022/02/05 18:12:25.0180]
[线程：1]
微信扩展缓存注册总用时：0.0004ms
扩展缓存：Senparc.Weixin.Cache.LocalContainerCacheStrategy

[[[自动注册扩展缓存完成]]]
[2022/02/05 18:12:54.9765]
[线程：1]
注册总用时：0.002ms
自动扫描程序集：0个
扩展缓存：

[[[微信扩展缓存注册完成]]]
[2022/02/05 18:12:54.9766]
[线程：1]
微信扩展缓存注册总用时：0.0007ms
扩展缓存：Senparc.Weixin.Cache.LocalContainerCacheStrategy

[[[自动注册扩展缓存完成]]]
[2022/02/05 18:15:28.0419]
[线程：1]
注册总用时：0.0027ms
自动扫描程序集：0个
扩展缓存：

[[[微信扩展缓存注册完成]]]
[2022/02/05 18:15:28.0419]
[线程：1]
微信扩展缓存注册总用时：0.0005ms
扩展缓存：Senparc.Weixin.Cache.LocalContainerCacheStrategy

[[[自动注册扩展缓存完成]]]
[2022/02/05 18:15:44.0380]
[线程：1]
注册总用时：0.0027ms
自动扫描程序集：0个
扩展缓存：

[[[微信扩展缓存注册完成]]]
[2022/02/05 18:15:44.0380]
[线程：1]
微信扩展缓存注册总用时：0.0008ms
扩展缓存：Senparc.Weixin.Cache.LocalContainerCacheStrategy

[[[自动注册扩展缓存完成]]]
[2022/02/05 18:16:57.8725]
[线程：1]
注册总用时：0.0031ms
自动扫描程序集：0个
扩展缓存：

[[[微信扩展缓存注册完成]]]
[2022/02/05 18:16:57.8726]
[线程：1]
微信扩展缓存注册总用时：0.0009ms
扩展缓存：Senparc.Weixin.Cache.LocalContainerCacheStrategy

[[[自动注册扩展缓存完成]]]
[2022/02/05 18:20:59.3446]
[线程：1]
注册总用时：0.0041ms
自动扫描程序集：0个
扩展缓存：

[[[微信扩展缓存注册完成]]]
[2022/02/05 18:20:59.3447]
[线程：1]
微信扩展缓存注册总用时：0.0015ms
扩展缓存：Senparc.Weixin.Cache.LocalContainerCacheStrategy

[[[自动注册扩展缓存完成]]]
[2022/02/05 18:23:13.9028]
[线程：1]
注册总用时：0.002ms
自动扫描程序集：0个
扩展缓存：

[[[微信扩展缓存注册完成]]]
[2022/02/05 18:23:13.9029]
[线程：1]
微信扩展缓存注册总用时：0.0007ms
扩展缓存：Senparc.Weixin.Cache.LocalContainerCacheStrategy

[[[自动注册扩展缓存完成]]]
[2022/02/05 18:25:24.1179]
[线程：1]
注册总用时：0.0023ms
自动扫描程序集：0个
扩展缓存：

[[[微信扩展缓存注册完成]]]
[2022/02/05 18:25:24.1179]
[线程：1]
微信扩展缓存注册总用时：0.0008ms
扩展缓存：Senparc.Weixin.Cache.LocalContainerCacheStrategy

[[[自动注册扩展缓存完成]]]
[2022/02/05 18:30:38.0224]
[线程：1]
注册总用时：0.0022ms
自动扫描程序集：0个
扩展缓存：

[[[微信扩展缓存注册完成]]]
[2022/02/05 18:30:38.0225]
[线程：1]
微信扩展缓存注册总用时：0.0005ms
扩展缓存：Senparc.Weixin.Cache.LocalContainerCacheStrategy

