[[[自动注册扩展缓存完成]]]
[2022/02/13 08:39:02.7650]
[线程：1]
注册总用时：0.0025ms
自动扫描程序集：0个
扩展缓存：

[[[微信扩展缓存注册完成]]]
[2022/02/13 08:39:02.7651]
[线程：1]
微信扩展缓存注册总用时：0.0006ms
扩展缓存：Senparc.Weixin.Cache.LocalContainerCacheStrategy

[[[自动注册扩展缓存完成]]]
[2022/02/13 09:04:38.6957]
[线程：1]
注册总用时：0.002ms
自动扫描程序集：0个
扩展缓存：

[[[微信扩展缓存注册完成]]]
[2022/02/13 09:04:38.6958]
[线程：1]
微信扩展缓存注册总用时：0.0005ms
扩展缓存：Senparc.Weixin.Cache.LocalContainerCacheStrategy

[[[接口调用]]]
[2022/02/13 09:05:32.4237]
[线程：59]
	URL：https://api.weixin.qq.com/sns/jscode2session?appid=wx4746a90d8118d4b4&secret=a995c94f60692df9b213bcf1e73c71eb&js_code=051SeaGa1eDxEC0pHYHa1plc9v1SeaGq&grant_type=authorization_code
	Result：
{"session_key":"rF7CuWJ2P+n45z6GXGiU9Q==","openid":"oWVUz5QltTq3GH61XSC3Ux-qOMkY","unionid":"oVD3V5jGlXBc2gkhzzdgG_7QOI3M"}

[[[接口调用]]]
[2022/02/13 09:06:26.9805]
[线程：59]
	URL：https://api.weixin.qq.com/sns/jscode2session?appid=wx4746a90d8118d4b4&secret=a995c94f60692df9b213bcf1e73c71eb&js_code=051SeaGa1eDxEC0pHYHa1plc9v1SeaGq&grant_type=authorization_code
	Result：
{"errcode":40163,"errmsg":"code been used, rid: 6208599a-7a544c6d-69363f68"}

[[[ErrorJsonResultException]]]
[2022/02/13 09:06:26.9823]
[线程：59]
	ErrorJsonResultException
	AccessTokenOrAppId：null
	URL：https://api.weixin.qq.com/sns/jscode2session?appid=wx4746a90d8118d4b4&secret=a995c94f60692df9b213bcf1e73c71eb&js_code=051SeaGa1eDxEC0pHYHa1plc9v1SeaGq&grant_type=authorization_code
	errcode：40163
	errmsg：code been used, rid: 6208599a-7a544c6d-69363f68

[[[接口调用]]]
[2022/02/13 09:24:40.2172]
[线程：83]
	URL：https://api.weixin.qq.com/sns/jscode2session?appid=wx4746a90d8118d4b4&secret=a995c94f60692df9b213bcf1e73c71eb&js_code=061KqUFa1HDjEC01dgHa1BV3T82KqUFB&grant_type=authorization_code
	Result：
{"session_key":"Gej4zoxal\/i8ZWtYjW65tg==","openid":"oWVUz5QltTq3GH61XSC3Ux-qOMkY","unionid":"oVD3V5jGlXBc2gkhzzdgG_7QOI3M"}

[[[自动注册扩展缓存完成]]]
[2022/02/13 09:27:10.5336]
[线程：1]
注册总用时：0.0018ms
自动扫描程序集：0个
扩展缓存：

[[[微信扩展缓存注册完成]]]
[2022/02/13 09:27:10.5336]
[线程：1]
微信扩展缓存注册总用时：0.0006ms
扩展缓存：Senparc.Weixin.Cache.LocalContainerCacheStrategy

[[[自动注册扩展缓存完成]]]
[2022/02/13 09:30:55.6416]
[线程：1]
注册总用时：0.0018ms
自动扫描程序集：0个
扩展缓存：

[[[微信扩展缓存注册完成]]]
[2022/02/13 09:30:55.6417]
[线程：1]
微信扩展缓存注册总用时：0.0005ms
扩展缓存：Senparc.Weixin.Cache.LocalContainerCacheStrategy

[[[自动注册扩展缓存完成]]]
[2022/02/13 09:31:50.9142]
[线程：1]
注册总用时：0.0029ms
自动扫描程序集：0个
扩展缓存：

[[[微信扩展缓存注册完成]]]
[2022/02/13 09:31:50.9143]
[线程：1]
微信扩展缓存注册总用时：0.0012ms
扩展缓存：Senparc.Weixin.Cache.LocalContainerCacheStrategy

[[[接口调用]]]
[2022/02/13 09:34:10.0444]
[线程：56]
	URL：https://api.weixin.qq.com/sns/jscode2session?appid=wx4746a90d8118d4b4&secret=a995c94f60692df9b213bcf1e73c71eb&js_code=081kSDFa1Th2EC05A6Ga1vn6ga0kSDFu&grant_type=authorization_code
	Result：
{"session_key":"LLXp64K\/r+TNtGZNcQ0oFw==","openid":"oWVUz5QltTq3GH61XSC3Ux-qOMkY","unionid":"oVD3V5jGlXBc2gkhzzdgG_7QOI3M"}

[[[自动注册扩展缓存完成]]]
[2022/02/13 11:09:02.4829]
[线程：1]
注册总用时：0.002ms
自动扫描程序集：0个
扩展缓存：

[[[微信扩展缓存注册完成]]]
[2022/02/13 11:09:02.4830]
[线程：1]
微信扩展缓存注册总用时：0.0005ms
扩展缓存：Senparc.Weixin.Cache.LocalContainerCacheStrategy

[[[自动注册扩展缓存完成]]]
[2022/02/13 11:21:43.4579]
[线程：1]
注册总用时：0.0021ms
自动扫描程序集：0个
扩展缓存：

[[[微信扩展缓存注册完成]]]
[2022/02/13 11:21:43.4579]
[线程：1]
微信扩展缓存注册总用时：0.0005ms
扩展缓存：Senparc.Weixin.Cache.LocalContainerCacheStrategy

[[[自动注册扩展缓存完成]]]
[2022/02/13 11:24:45.0927]
[线程：1]
注册总用时：0.0019ms
自动扫描程序集：0个
扩展缓存：

[[[微信扩展缓存注册完成]]]
[2022/02/13 11:24:45.0928]
[线程：1]
微信扩展缓存注册总用时：0.0005ms
扩展缓存：Senparc.Weixin.Cache.LocalContainerCacheStrategy

[[[自动注册扩展缓存完成]]]
[2022/02/13 11:25:12.1690]
[线程：1]
注册总用时：0.0021ms
自动扫描程序集：0个
扩展缓存：

[[[微信扩展缓存注册完成]]]
[2022/02/13 11:25:12.1691]
[线程：1]
微信扩展缓存注册总用时：0.0006ms
扩展缓存：Senparc.Weixin.Cache.LocalContainerCacheStrategy

[[[自动注册扩展缓存完成]]]
[2022/02/13 11:26:03.0020]
[线程：1]
注册总用时：0.0022ms
自动扫描程序集：0个
扩展缓存：

[[[微信扩展缓存注册完成]]]
[2022/02/13 11:26:03.0021]
[线程：1]
微信扩展缓存注册总用时：0.0006ms
扩展缓存：Senparc.Weixin.Cache.LocalContainerCacheStrategy

[[[自动注册扩展缓存完成]]]
[2022/02/13 11:27:21.8354]
[线程：1]
注册总用时：0.0021ms
自动扫描程序集：0个
扩展缓存：

[[[微信扩展缓存注册完成]]]
[2022/02/13 11:27:21.8355]
[线程：1]
微信扩展缓存注册总用时：0.0009ms
扩展缓存：Senparc.Weixin.Cache.LocalContainerCacheStrategy

[[[自动注册扩展缓存完成]]]
[2022/02/13 11:31:00.2649]
[线程：1]
注册总用时：0.0023ms
自动扫描程序集：0个
扩展缓存：

[[[微信扩展缓存注册完成]]]
[2022/02/13 11:31:00.2650]
[线程：1]
微信扩展缓存注册总用时：0.0007ms
扩展缓存：Senparc.Weixin.Cache.LocalContainerCacheStrategy

[[[自动注册扩展缓存完成]]]
[2022/02/13 16:41:29.6094]
[线程：1]
注册总用时：0.0023ms
自动扫描程序集：0个
扩展缓存：

[[[微信扩展缓存注册完成]]]
[2022/02/13 16:41:29.6095]
[线程：1]
微信扩展缓存注册总用时：0.0009ms
扩展缓存：Senparc.Weixin.Cache.LocalContainerCacheStrategy

[[[自动注册扩展缓存完成]]]
[2022/02/13 16:48:22.6751]
[线程：1]
注册总用时：0.0045ms
自动扫描程序集：0个
扩展缓存：

[[[微信扩展缓存注册完成]]]
[2022/02/13 16:48:22.6752]
[线程：1]
微信扩展缓存注册总用时：0.0021ms
扩展缓存：Senparc.Weixin.Cache.LocalContainerCacheStrategy

[[[接口调用]]]
[2022/02/13 16:49:59.9861]
[线程：65]
	URL：https://api.weixin.qq.com/cgi-bin/message/template/send?access_token=53_1yzM87yP-AemjB7liM9SWgxwi7WmLTR1yDWOVsths4PYqKlE1uRq7Z52Nya0Wh7vYzBIaobM2zJJXzsqp6VYCFHBVk4BwhKMaHzQI6jif1Wfao1x5JW15ZTX2q5G5aq68qpIlvyTss8_PQawMFIfABAIBE
	Post Data：
{"touser":"oTuBi09bM6KJqH_r-KVAZqaDy8tQ","template_id":"KQ2P8bdkgNcban-uOp8xQdYINpZl7fvbU2ZG6DFcxkg","topcolor":"#FF0000","url":"https://rcbcybank.com","miniprogram":{"appid":"wx4746a90d8118d4b4","pagepath":"pages/index/index"},"data":{"first":{"value":"Kpi红黄牌通知","color":"#173177"},"keyword1":{"value":"2022年2月","color":"#173177"},"keyword2":{"value":"朝阳分行营业部","color":"#173177"},"keyword3":{"value":"月度绩效","color":"#173177"},"keyword4":{"value":"绩效考核得分86","color":"#ff0000"},"remark":{"value":"请关注","color":"#173177"},"TemplateId":"KQ2P8bdkgNcban-uOp8xQdYINpZl7fvbU2ZG6DFcxkg","Url":"https://rcbcybank.com","TemplateName":"预约成功"}}

[[[接口调用]]]
[2022/02/13 16:51:27.0501]
[线程：8]
	URL：https://api.weixin.qq.com/cgi-bin/message/template/send?access_token=53_1yzM87yP-AemjB7liM9SWgxwi7WmLTR1yDWOVsths4PYqKlE1uRq7Z52Nya0Wh7vYzBIaobM2zJJXzsqp6VYCFHBVk4BwhKMaHzQI6jif1Wfao1x5JW15ZTX2q5G5aq68qpIlvyTss8_PQawMFIfABAIBE
	Post Data：
{"touser":"oTuBi09bM6KJqH_r-KVAZqaDy8tQ","template_id":"KQ2P8bdkgNcban-uOp8xQdYINpZl7fvbU2ZG6DFcxkg","topcolor":"#FF0000","url":"https://rcbcybank.com","miniprogram":{"appid":"wx4746a90d8118d4b4","pagepath":"pages/index/index"},"data":{"first":{"value":"Kpi红黄牌通知","color":"#173177"},"keyword1":{"value":"2022年2月","color":"#173177"},"keyword2":{"value":"朝阳分行营业部","color":"#173177"},"keyword3":{"value":"月度绩效","color":"#173177"},"keyword4":{"value":"绩效考核得分86","color":"#ff0000"},"remark":{"value":"请关注","color":"#173177"},"TemplateId":"KQ2P8bdkgNcban-uOp8xQdYINpZl7fvbU2ZG6DFcxkg","Url":"https://rcbcybank.com","TemplateName":"预约成功"}}

[[[自动注册扩展缓存完成]]]
[2022/02/13 16:56:51.1656]
[线程：1]
注册总用时：0.0026ms
自动扫描程序集：0个
扩展缓存：

[[[微信扩展缓存注册完成]]]
[2022/02/13 16:56:51.1657]
[线程：1]
微信扩展缓存注册总用时：0.0008ms
扩展缓存：Senparc.Weixin.Cache.LocalContainerCacheStrategy

[[[接口调用]]]
[2022/02/13 16:58:37.8479]
[线程：68]
	URL：https://api.weixin.qq.com/cgi-bin/message/template/send?access_token=53_J3jVVS543mmejTCKWscT0HV_AKUw_ZOk1jXzX3I4P9QK0CZxocQPugucnlvjqzrp_I4WaZPY__ekznIECf_TUOgh7YaNVaQOaVfQHFpRwQ6dEqjgJ6IA5spDiQ1m4lo3FQVHKMOYWjIwt5YVOHReACABUE
	Post Data：
{"touser":"oTuBi09bM6KJqH_r-KVAZqaDy8tQ","template_id":"KQ2P8bdkgNcban-uOp8xQdYINpZl7fvbU2ZG6DFcxkg","topcolor":"#FF0000","url":"https://rcbcybank.com","miniprogram":{"appid":"wx4746a90d8118d4b4","pagepath":"pages/index/index"},"data":{"first":{"value":"Kpi红黄牌通知","color":"#173177"},"keyword1":{"value":"2022年2月","color":"#173177"},"keyword2":{"value":"朝阳分行营业部","color":"#173177"},"keyword3":{"value":"月度绩效","color":"#173177"},"keyword4":{"value":"绩效考核得分86","color":"#ff0000"},"remark":{"value":"请关注","color":"#173177"},"TemplateId":"KQ2P8bdkgNcban-uOp8xQdYINpZl7fvbU2ZG6DFcxkg","Url":"https://rcbcybank.com","TemplateName":"预约成功"}}

[[[接口调用]]]
[2022/02/13 17:01:56.3838]
[线程：65]
	URL：https://api.weixin.qq.com/cgi-bin/message/template/send?access_token=53_J3jVVS543mmejTCKWscT0HV_AKUw_ZOk1jXzX3I4P9QK0CZxocQPugucnlvjqzrp_I4WaZPY__ekznIECf_TUOgh7YaNVaQOaVfQHFpRwQ6dEqjgJ6IA5spDiQ1m4lo3FQVHKMOYWjIwt5YVOHReACABUE
	Post Data：
{"touser":"oTuBi09bM6KJqH_r-KVAZqaDy8tQ","template_id":"KQ2P8bdkgNcban-uOp8xQdYINpZl7fvbU2ZG6DFcxkg","topcolor":"#FF0000","url":"https://rcbcybank.com","miniprogram":{"appid":"wx4746a90d8118d4b4","pagepath":"pages/index/index"},"data":{"first":{"value":"Kpi红黄牌通知","color":"#173177"},"keyword1":{"value":"2022年2月","color":"#173177"},"keyword2":{"value":"朝阳分行营业部","color":"#173177"},"keyword3":{"value":"月度绩效","color":"#173177"},"keyword4":{"value":"绩效考核得分86","color":"#ff0000"},"remark":{"value":"请关注","color":"#173177"},"TemplateId":"KQ2P8bdkgNcban-uOp8xQdYINpZl7fvbU2ZG6DFcxkg","Url":"https://rcbcybank.com","TemplateName":"预约成功"}}

[[[接口调用]]]
[2022/02/13 17:03:17.0285]
[线程：3]
	URL：https://api.weixin.qq.com/cgi-bin/message/template/send?access_token=53_J3jVVS543mmejTCKWscT0HV_AKUw_ZOk1jXzX3I4P9QK0CZxocQPugucnlvjqzrp_I4WaZPY__ekznIECf_TUOgh7YaNVaQOaVfQHFpRwQ6dEqjgJ6IA5spDiQ1m4lo3FQVHKMOYWjIwt5YVOHReACABUE
	Post Data：
{"touser":"oTuBi09bM6KJqH_r-KVAZqaDy8tQ","template_id":"KQ2P8bdkgNcban-uOp8xQdYINpZl7fvbU2ZG6DFcxkg","topcolor":"#FF0000","url":"https://rcbcybank.com","miniprogram":{"appid":"wx4746a90d8118d4b4","pagepath":"pages/index/index"},"data":{"first":{"value":"Kpi红黄牌通知","color":"#173177"},"keyword1":{"value":"2022年2月","color":"#173177"},"keyword2":{"value":"朝阳分行营业部","color":"#173177"},"keyword3":{"value":"月度绩效","color":"#173177"},"keyword4":{"value":"绩效考核得分86","color":"#ff0000"},"remark":{"value":"请关注","color":"#173177"},"TemplateId":"KQ2P8bdkgNcban-uOp8xQdYINpZl7fvbU2ZG6DFcxkg","Url":"https://rcbcybank.com","TemplateName":"预约成功"}}

[[[自动注册扩展缓存完成]]]
[2022/02/13 17:18:30.2792]
[线程：1]
注册总用时：0.0019ms
自动扫描程序集：0个
扩展缓存：

[[[微信扩展缓存注册完成]]]
[2022/02/13 17:18:30.2792]
[线程：1]
微信扩展缓存注册总用时：0.0005ms
扩展缓存：Senparc.Weixin.Cache.LocalContainerCacheStrategy

[[[自动注册扩展缓存完成]]]
[2022/02/13 17:21:10.4483]
[线程：1]
注册总用时：0.0022ms
自动扫描程序集：0个
扩展缓存：

[[[微信扩展缓存注册完成]]]
[2022/02/13 17:21:10.4484]
[线程：1]
微信扩展缓存注册总用时：0.0005ms
扩展缓存：Senparc.Weixin.Cache.LocalContainerCacheStrategy

[[[接口调用]]]
[2022/02/13 17:22:33.9818]
[线程：49]
	URL：https://api.weixin.qq.com/cgi-bin/message/template/send?access_token=53_M68plMD9Z-HJsIcwnANHE3eGhpW5IiZjaSenXyaxjMRdkrw-j3pUx4NPOlHGap_yoWpDQJ7w7Ocmr-CKq02FQyujhBH3AHYEYcNOLnan_r9a8n9zRx3FzhOtrgaUNJlVvuznBT1MJcfi_i0JXAAiAJAFII
	Post Data：
{"touser":"oTuBi09bM6KJqH_r-KVAZqaDy8tQ","template_id":"KQ2P8bdkgNcban-uOp8xQdYINpZl7fvbU2ZG6DFcxkg","topcolor":"#FF0000","url":"https://rcbcybank.com","miniprogram":{"appid":"wx4746a90d8118d4b4","pagepath":"pages/index/index"},"data":{"first":{"value":"Kpi红黄牌通知","color":"#173177"},"keyword1":{"value":"2022-01","color":"#173177"},"keyword2":{"value":"各支行营业部","color":"#173177"},"keyword3":{"value":"月度绩效","color":"#173177"},"keyword4":{"value":"各业务条线Kpi指标","color":"#ff0000"},"remark":{"value":"000","color":"#173177"},"TemplateId":"KQ2P8bdkgNcban-uOp8xQdYINpZl7fvbU2ZG6DFcxkg","Url":"https://rcbcybank.com","TemplateName":"预约成功"}}

[[[接口调用]]]
[2022/02/13 17:23:23.6503]
[线程：68]
	URL：https://api.weixin.qq.com/cgi-bin/message/template/send?access_token=53_M68plMD9Z-HJsIcwnANHE3eGhpW5IiZjaSenXyaxjMRdkrw-j3pUx4NPOlHGap_yoWpDQJ7w7Ocmr-CKq02FQyujhBH3AHYEYcNOLnan_r9a8n9zRx3FzhOtrgaUNJlVvuznBT1MJcfi_i0JXAAiAJAFII
	Post Data：
{"touser":"oTuBi09bM6KJqH_r-KVAZqaDy8tQ","template_id":"KQ2P8bdkgNcban-uOp8xQdYINpZl7fvbU2ZG6DFcxkg","topcolor":"#FF0000","url":"https://rcbcybank.com","miniprogram":{"appid":"wx4746a90d8118d4b4","pagepath":"pages/index/index"},"data":{"first":{"value":"Kpi红黄牌通知","color":"#173177"},"keyword1":{"value":"2022-01","color":"#173177"},"keyword2":{"value":"各支行营业部","color":"#173177"},"keyword3":{"value":"月度绩效","color":"#173177"},"keyword4":{"value":"各业务条线Kpi指标","color":"#ff0000"},"remark":{"value":"前五名:兴城20.86滨海20.79连湾19.60建昌16.52双树14.83后五名:兴城20.86滨海20.79连湾19.60建昌16.52双树14.83","color":"#173177"},"TemplateId":"KQ2P8bdkgNcban-uOp8xQdYINpZl7fvbU2ZG6DFcxkg","Url":"https://rcbcybank.com","TemplateName":"预约成功"}}

[[[接口调用]]]
[2022/02/13 17:26:20.1114]
[线程：85]
	URL：https://api.weixin.qq.com/cgi-bin/message/template/send?access_token=53_M68plMD9Z-HJsIcwnANHE3eGhpW5IiZjaSenXyaxjMRdkrw-j3pUx4NPOlHGap_yoWpDQJ7w7Ocmr-CKq02FQyujhBH3AHYEYcNOLnan_r9a8n9zRx3FzhOtrgaUNJlVvuznBT1MJcfi_i0JXAAiAJAFII
	Post Data：
{"touser":"oTuBi09bM6KJqH_r-KVAZqaDy8tQ","template_id":"KQ2P8bdkgNcban-uOp8xQdYINpZl7fvbU2ZG6DFcxkg","topcolor":"#FF0000","url":"https://rcbcybank.com","miniprogram":{"appid":"wx4746a90d8118d4b4","pagepath":"pages/index/index"},"data":{"first":{"value":"Kpi红黄牌通知","color":"#173177"},"keyword1":{"value":"2022-01","color":"#173177"},"keyword2":{"value":"各支行营业部","color":"#173177"},"keyword3":{"value":"月度绩效","color":"#173177"},"keyword4":{"value":"各业务条线Kpi指标","color":"#ff0000"},"remark":{"value":"前五名:兴城20.86滨海20.79连湾19.60建昌16.52双树14.83\r\n后五名:兴城20.86滨海20.79连湾19.60建昌16.52双树14.83","color":"#173177"},"TemplateId":"KQ2P8bdkgNcban-uOp8xQdYINpZl7fvbU2ZG6DFcxkg","Url":"https://rcbcybank.com","TemplateName":"预约成功"}}

[[[接口调用]]]
[2022/02/13 17:27:29.2259]
[线程：98]
	URL：https://api.weixin.qq.com/cgi-bin/message/template/send?access_token=53_M68plMD9Z-HJsIcwnANHE3eGhpW5IiZjaSenXyaxjMRdkrw-j3pUx4NPOlHGap_yoWpDQJ7w7Ocmr-CKq02FQyujhBH3AHYEYcNOLnan_r9a8n9zRx3FzhOtrgaUNJlVvuznBT1MJcfi_i0JXAAiAJAFII
	Post Data：
{"touser":"oTuBi09bM6KJqH_r-KVAZqaDy8tQ","template_id":"KQ2P8bdkgNcban-uOp8xQdYINpZl7fvbU2ZG6DFcxkg","topcolor":"#FF0000","url":"https://rcbcybank.com","miniprogram":{"appid":"wx4746a90d8118d4b4","pagepath":"pages/index/index"},"data":{"first":{"value":"Kpi红黄牌通知","color":"#173177"},"keyword1":{"value":"2022-01","color":"#173177"},"keyword2":{"value":"各支行营业部","color":"#173177"},"keyword3":{"value":"月度绩效","color":"#173177"},"keyword4":{"value":"各业务条线Kpi指标","color":"#ff0000"},"remark":{"value":"前五名:绥中82.55凌源79.64金汇77.87兴盛73.18城北69.49\r\n后五名:兴城20.86滨海20.79连湾19.60建昌16.52双树14.83","color":"#173177"},"TemplateId":"KQ2P8bdkgNcban-uOp8xQdYINpZl7fvbU2ZG6DFcxkg","Url":"https://rcbcybank.com","TemplateName":"预约成功"}}

[[[自动注册扩展缓存完成]]]
[2022/02/13 18:36:32.6992]
[线程：1]
注册总用时：0.0024ms
自动扫描程序集：0个
扩展缓存：

[[[微信扩展缓存注册完成]]]
[2022/02/13 18:36:32.6992]
[线程：1]
微信扩展缓存注册总用时：0.0006ms
扩展缓存：Senparc.Weixin.Cache.LocalContainerCacheStrategy

