[[[自动注册扩展缓存完成]]]
[2022/02/12 10:37:59.8798]
[线程：1]
注册总用时：0.0022ms
自动扫描程序集：0个
扩展缓存：

[[[微信扩展缓存注册完成]]]
[2022/02/12 10:37:59.8799]
[线程：1]
微信扩展缓存注册总用时：0.0006ms
扩展缓存：Senparc.Weixin.Cache.LocalContainerCacheStrategy

[[[接口调用]]]
[2022/02/12 10:40:11.6451]
[线程：50]
	URL：https://api.weixin.qq.com/cgi-bin/message/template/send?access_token=53_oapQPhv9IByMTwqu6uo0IAnJdTD34sUGfWTK1eQiF4qInL5kZgx6OWwJbxzAIdi4gTvT2-f0iJcZn-95uyPMLOr_d8tVfTtQ6dJQi_2-O--cIMeGtzzgSd7QQ1AWeCOf4gP03TvtpyPA8sxHLWHcABAYJU
	Post Data：
{"touser":"8867","template_id":"KQ2P8bdkgNcban-uOp8xQdYINpZl7fvbU2ZG6DFcxkg","topcolor":"#FF0000","url":"https://rcbcybank.com","miniprogram":{"appid":"wx4746a90d8118d4b4","pagepath":"pages/index/index"},"data":{"first":{"value":"Kpi红黄牌通知","color":"#173177"},"keyword1":{"value":"2022年2月","color":"#173177"},"keyword2":{"value":"朝阳分行营业部","color":"#173177"},"keyword3":{"value":"月度绩效","color":"#173177"},"keyword4":{"value":"绩效考核得分86","color":"#ff0000"},"remark":{"value":"请关注","color":"#173177"},"TemplateId":"KQ2P8bdkgNcban-uOp8xQdYINpZl7fvbU2ZG6DFcxkg","Url":"https://rcbcybank.com","TemplateName":"预约成功"}}

[[[ErrorJsonResultException]]]
[2022/02/12 10:40:11.8091]
[线程：58]
	ErrorJsonResultException
	AccessTokenOrAppId：null
	URL：https://api.weixin.qq.com/cgi-bin/message/template/send?access_token=53_oapQPhv9IByMTwqu6uo0IAnJdTD34sUGfWTK1eQiF4qInL5kZgx6OWwJbxzAIdi4gTvT2-f0iJcZn-95uyPMLOr_d8tVfTtQ6dJQi_2-O--cIMeGtzzgSd7QQ1AWeCOf4gP03TvtpyPA8sxHLWHcABAYJU
	errcode：不合法的OpenID
	errmsg：invalid openid rid: 62071e13-5453b80f-3291dfde

[[[接口调用]]]
[2022/02/12 10:41:35.7149]
[线程：69]
	URL：https://api.weixin.qq.com/cgi-bin/message/template/send?access_token=53_oapQPhv9IByMTwqu6uo0IAnJdTD34sUGfWTK1eQiF4qInL5kZgx6OWwJbxzAIdi4gTvT2-f0iJcZn-95uyPMLOr_d8tVfTtQ6dJQi_2-O--cIMeGtzzgSd7QQ1AWeCOf4gP03TvtpyPA8sxHLWHcABAYJU
	Post Data：
{"touser":"oTuBi09bM6KJqH_r-KVAZqaDy8tQ","template_id":"KQ2P8bdkgNcban-uOp8xQdYINpZl7fvbU2ZG6DFcxkg","topcolor":"#FF0000","url":"https://rcbcybank.com","miniprogram":{"appid":"wx4746a90d8118d4b4","pagepath":"pages/index/index"},"data":{"first":{"value":"Kpi红黄牌通知","color":"#173177"},"keyword1":{"value":"2022年2月","color":"#173177"},"keyword2":{"value":"朝阳分行营业部","color":"#173177"},"keyword3":{"value":"月度绩效","color":"#173177"},"keyword4":{"value":"绩效考核得分86","color":"#ff0000"},"remark":{"value":"请关注","color":"#173177"},"TemplateId":"KQ2P8bdkgNcban-uOp8xQdYINpZl7fvbU2ZG6DFcxkg","Url":"https://rcbcybank.com","TemplateName":"预约成功"}}

[[[接口调用]]]
[2022/02/12 10:43:48.7444]
[线程：63]
	URL：https://api.weixin.qq.com/cgi-bin/message/template/send?access_token=53_oapQPhv9IByMTwqu6uo0IAnJdTD34sUGfWTK1eQiF4qInL5kZgx6OWwJbxzAIdi4gTvT2-f0iJcZn-95uyPMLOr_d8tVfTtQ6dJQi_2-O--cIMeGtzzgSd7QQ1AWeCOf4gP03TvtpyPA8sxHLWHcABAYJU
	Post Data：
{"touser":"8867","template_id":"KQ2P8bdkgNcban-uOp8xQdYINpZl7fvbU2ZG6DFcxkg","topcolor":"#FF0000","url":"https://rcbcybank.com","miniprogram":{"appid":"wx4746a90d8118d4b4","pagepath":"pages/index/index"},"data":{"first":{"value":"Kpi红黄牌通知","color":"#173177"},"keyword1":{"value":"2022年2月","color":"#173177"},"keyword2":{"value":"朝阳分行营业部","color":"#173177"},"keyword3":{"value":"月度绩效","color":"#173177"},"keyword4":{"value":"绩效考核得分86","color":"#ff0000"},"remark":{"value":"请关注","color":"#173177"},"TemplateId":"KQ2P8bdkgNcban-uOp8xQdYINpZl7fvbU2ZG6DFcxkg","Url":"https://rcbcybank.com","TemplateName":"预约成功"}}

[[[ErrorJsonResultException]]]
[2022/02/12 10:43:49.0516]
[线程：3]
	ErrorJsonResultException
	AccessTokenOrAppId：null
	URL：https://api.weixin.qq.com/cgi-bin/message/template/send?access_token=53_oapQPhv9IByMTwqu6uo0IAnJdTD34sUGfWTK1eQiF4qInL5kZgx6OWwJbxzAIdi4gTvT2-f0iJcZn-95uyPMLOr_d8tVfTtQ6dJQi_2-O--cIMeGtzzgSd7QQ1AWeCOf4gP03TvtpyPA8sxHLWHcABAYJU
	errcode：不合法的OpenID
	errmsg：invalid openid rid: 62071eec-2596a75c-3b3c4fe9

[[[自动注册扩展缓存完成]]]
[2022/02/12 10:44:54.9370]
[线程：1]
注册总用时：0.0026ms
自动扫描程序集：0个
扩展缓存：

[[[微信扩展缓存注册完成]]]
[2022/02/12 10:44:54.9371]
[线程：1]
微信扩展缓存注册总用时：0.0007ms
扩展缓存：Senparc.Weixin.Cache.LocalContainerCacheStrategy

[[[自动注册扩展缓存完成]]]
[2022/02/12 17:15:49.3797]
[线程：1]
注册总用时：0.0022ms
自动扫描程序集：0个
扩展缓存：

[[[微信扩展缓存注册完成]]]
[2022/02/12 17:15:49.3797]
[线程：1]
微信扩展缓存注册总用时：0.0005ms
扩展缓存：Senparc.Weixin.Cache.LocalContainerCacheStrategy

[[[自动注册扩展缓存完成]]]
[2022/02/12 17:19:36.0637]
[线程：1]
注册总用时：0.0024ms
自动扫描程序集：0个
扩展缓存：

[[[微信扩展缓存注册完成]]]
[2022/02/12 17:19:36.0638]
[线程：1]
微信扩展缓存注册总用时：0.0005ms
扩展缓存：Senparc.Weixin.Cache.LocalContainerCacheStrategy

[[[自动注册扩展缓存完成]]]
[2022/02/12 17:20:16.3944]
[线程：1]
注册总用时：0.0025ms
自动扫描程序集：0个
扩展缓存：

[[[微信扩展缓存注册完成]]]
[2022/02/12 17:20:16.3945]
[线程：1]
微信扩展缓存注册总用时：0.0009ms
扩展缓存：Senparc.Weixin.Cache.LocalContainerCacheStrategy

[[[自动注册扩展缓存完成]]]
[2022/02/12 19:03:38.7009]
[线程：1]
注册总用时：0.0021ms
自动扫描程序集：0个
扩展缓存：

[[[微信扩展缓存注册完成]]]
[2022/02/12 19:03:38.7009]
[线程：1]
微信扩展缓存注册总用时：0.0005ms
扩展缓存：Senparc.Weixin.Cache.LocalContainerCacheStrategy

[[[自动注册扩展缓存完成]]]
[2022/02/12 19:04:45.3763]
[线程：1]
注册总用时：0.0023ms
自动扫描程序集：0个
扩展缓存：

[[[微信扩展缓存注册完成]]]
[2022/02/12 19:04:45.3764]
[线程：1]
微信扩展缓存注册总用时：0.0005ms
扩展缓存：Senparc.Weixin.Cache.LocalContainerCacheStrategy

[[[自动注册扩展缓存完成]]]
[2022/02/12 19:09:13.6182]
[线程：1]
注册总用时：0.0019ms
自动扫描程序集：0个
扩展缓存：

[[[微信扩展缓存注册完成]]]
[2022/02/12 19:09:13.6183]
[线程：1]
微信扩展缓存注册总用时：0.0005ms
扩展缓存：Senparc.Weixin.Cache.LocalContainerCacheStrategy

[[[自动注册扩展缓存完成]]]
[2022/02/12 19:12:13.9253]
[线程：1]
注册总用时：0.0024ms
自动扫描程序集：0个
扩展缓存：

[[[微信扩展缓存注册完成]]]
[2022/02/12 19:12:13.9254]
[线程：1]
微信扩展缓存注册总用时：0.0008ms
扩展缓存：Senparc.Weixin.Cache.LocalContainerCacheStrategy

[[[自动注册扩展缓存完成]]]
[2022/02/12 19:14:59.2240]
[线程：1]
注册总用时：0.003ms
自动扫描程序集：0个
扩展缓存：

[[[微信扩展缓存注册完成]]]
[2022/02/12 19:14:59.2241]
[线程：1]
微信扩展缓存注册总用时：0.0008ms
扩展缓存：Senparc.Weixin.Cache.LocalContainerCacheStrategy

