[[[自动注册扩展缓存完成]]]
[2022/03/07 16:52:50.7546]
[线程：1]
注册总用时：0.0021ms
自动扫描程序集：0个
扩展缓存：

[[[微信扩展缓存注册完成]]]
[2022/03/07 16:52:50.7546]
[线程：1]
微信扩展缓存注册总用时：0.0006ms
扩展缓存：Senparc.Weixin.Cache.LocalContainerCacheStrategy

[[[自动注册扩展缓存完成]]]
[2022/03/07 16:59:53.0782]
[线程：1]
注册总用时：0.005ms
自动扫描程序集：0个
扩展缓存：

[[[微信扩展缓存注册完成]]]
[2022/03/07 16:59:53.0783]
[线程：1]
微信扩展缓存注册总用时：0.0020ms
扩展缓存：Senparc.Weixin.Cache.LocalContainerCacheStrategy

[[[自动注册扩展缓存完成]]]
[2022/03/07 17:01:29.0982]
[线程：1]
注册总用时：0.003ms
自动扫描程序集：0个
扩展缓存：

[[[微信扩展缓存注册完成]]]
[2022/03/07 17:01:29.0983]
[线程：1]
微信扩展缓存注册总用时：0.0007ms
扩展缓存：Senparc.Weixin.Cache.LocalContainerCacheStrategy

[[[自动注册扩展缓存完成]]]
[2022/03/07 17:03:23.9158]
[线程：1]
注册总用时：0.0021ms
自动扫描程序集：0个
扩展缓存：

[[[微信扩展缓存注册完成]]]
[2022/03/07 17:03:23.9158]
[线程：1]
微信扩展缓存注册总用时：0.0004ms
扩展缓存：Senparc.Weixin.Cache.LocalContainerCacheStrategy

[[[自动注册扩展缓存完成]]]
[2022/03/07 17:04:14.6517]
[线程：1]
注册总用时：0.0033ms
自动扫描程序集：0个
扩展缓存：

[[[微信扩展缓存注册完成]]]
[2022/03/07 17:04:14.6518]
[线程：1]
微信扩展缓存注册总用时：0.0009ms
扩展缓存：Senparc.Weixin.Cache.LocalContainerCacheStrategy

[[[自动注册扩展缓存完成]]]
[2022/03/07 17:05:44.2577]
[线程：1]
注册总用时：0.0024ms
自动扫描程序集：0个
扩展缓存：

[[[微信扩展缓存注册完成]]]
[2022/03/07 17:05:44.2577]
[线程：1]
微信扩展缓存注册总用时：0.0009ms
扩展缓存：Senparc.Weixin.Cache.LocalContainerCacheStrategy

[[[自动注册扩展缓存完成]]]
[2022/03/07 17:15:39.3157]
[线程：1]
注册总用时：0.0021ms
自动扫描程序集：0个
扩展缓存：

[[[微信扩展缓存注册完成]]]
[2022/03/07 17:15:39.3158]
[线程：1]
微信扩展缓存注册总用时：0.0006ms
扩展缓存：Senparc.Weixin.Cache.LocalContainerCacheStrategy

[[[自动注册扩展缓存完成]]]
[2022/03/07 17:18:11.8853]
[线程：1]
注册总用时：0.0021ms
自动扫描程序集：0个
扩展缓存：

[[[微信扩展缓存注册完成]]]
[2022/03/07 17:18:11.8853]
[线程：1]
微信扩展缓存注册总用时：0.0005ms
扩展缓存：Senparc.Weixin.Cache.LocalContainerCacheStrategy

[[[自动注册扩展缓存完成]]]
[2022/03/07 17:38:55.9102]
[线程：1]
注册总用时：0.0024ms
自动扫描程序集：0个
扩展缓存：

[[[微信扩展缓存注册完成]]]
[2022/03/07 17:38:55.9103]
[线程：1]
微信扩展缓存注册总用时：0.0005ms
扩展缓存：Senparc.Weixin.Cache.LocalContainerCacheStrategy

