[[[ErrorJsonResultException]]]
[2023/03/22 13:36:55.9614]
[线程：18]
	ErrorJsonResultException
	AccessTokenOrAppId：null
	URL：https://qyapi.weixin.qq.com/cgi-bin/user/getuserinfo?access_token=hcFwjpXP2yB8yIYf4etZDJ-woaj042kQQ6pPAkXoc2KGFzkfCIga5uOvkgcecaR0e_l7kbKcJOVN4E8INgenqiamcw9k9fCBasmE8xkqkz84jsL5oW5p6GO9_RxuJ4xkmUATahaHwzW-jiFyS4TQotho4CZ-h0n8BSF31O5jQY6bTeqS41ctzillxGZkSXiAb-Yg2JwGapeFYuwpMwV1pQ&code=j7SAoPSDW0SxSUxJppMpemph9zs-HGz7z-HJ1QK3KQM
	errcode：不合法的oauth_code
	errmsg：invalid code, hint: [1679463416500613031203071], from ip: 123.188.254.206, more info at https://open.work.weixin.qq.com/devtool/query?e=40029

[[[ErrorJsonResultException]]]
[2023/03/22 14:00:14.3767]
[线程：18]
	ErrorJsonResultException
	AccessTokenOrAppId：null
	URL：https://qyapi.weixin.qq.com/cgi-bin/user/getuserinfo?access_token=hcFwjpXP2yB8yIYf4etZDJ-woaj042kQQ6pPAkXoc2KGFzkfCIga5uOvkgcecaR0e_l7kbKcJOVN4E8INgenqiamcw9k9fCBasmE8xkqkz84jsL5oW5p6GO9_RxuJ4xkmUATahaHwzW-jiFyS4TQotho4CZ-h0n8BSF31O5jQY6bTeqS41ctzillxGZkSXiAb-Yg2JwGapeFYuwpMwV1pQ&code=MhShnjaSyStM6BLkOZ79V4ixwL2slF7Tjm9p9EypTuk
	errcode：不合法的oauth_code
	errmsg：invalid code, hint: [1679464815640293282397061], from ip: 123.188.254.206, more info at https://open.work.weixin.qq.com/devtool/query?e=40029

[[[ErrorJsonResultException]]]
[2023/03/22 14:08:16.4756]
[线程：9]
	ErrorJsonResultException
	AccessTokenOrAppId：null
	URL：https://qyapi.weixin.qq.com/cgi-bin/user/getuserinfo?access_token=hcFwjpXP2yB8yIYf4etZDJ-woaj042kQQ6pPAkXoc2KGFzkfCIga5uOvkgcecaR0e_l7kbKcJOVN4E8INgenqiamcw9k9fCBasmE8xkqkz84jsL5oW5p6GO9_RxuJ4xkmUATahaHwzW-jiFyS4TQotho4CZ-h0n8BSF31O5jQY6bTeqS41ctzillxGZkSXiAb-Yg2JwGapeFYuwpMwV1pQ&code=12321
	errcode：不合法的oauth_code
	errmsg：invalid code, hint: [1679465297640290684276573], from ip: 123.188.254.206, more info at https://open.work.weixin.qq.com/devtool/query?e=40029

