[[[自动注册扩展缓存完成]]]
[2022/01/29 09:35:07.3079]
[线程：1]
注册总用时：2.4624ms
自动扫描程序集：0个
扩展缓存：

[[[微信扩展缓存注册完成]]]
[2022/01/29 09:35:07.3228]
[线程：1]
微信扩展缓存注册总用时：0.1375ms
扩展缓存：Senparc.Weixin.Cache.LocalContainerCacheStrategy

[[[自动注册扩展缓存完成]]]
[2022/01/29 09:35:07.4970]
[线程：1]
注册总用时：0.0024ms
自动扫描程序集：0个
扩展缓存：

[[[微信扩展缓存注册完成]]]
[2022/01/29 09:35:07.4971]
[线程：1]
微信扩展缓存注册总用时：0.0006ms
扩展缓存：Senparc.Weixin.Cache.LocalContainerCacheStrategy

[[[自动注册扩展缓存完成]]]
[2022/01/29 09:36:34.3606]
[线程：1]
注册总用时：2.0709ms
自动扫描程序集：0个
扩展缓存：

[[[微信扩展缓存注册完成]]]
[2022/01/29 09:36:34.3742]
[线程：1]
微信扩展缓存注册总用时：0.0849ms
扩展缓存：Senparc.Weixin.Cache.LocalContainerCacheStrategy

[[[自动注册扩展缓存完成]]]
[2022/01/29 09:36:34.5945]
[线程：1]
注册总用时：0.0028ms
自动扫描程序集：0个
扩展缓存：

[[[微信扩展缓存注册完成]]]
[2022/01/29 09:36:34.5946]
[线程：1]
微信扩展缓存注册总用时：0.0007ms
扩展缓存：Senparc.Weixin.Cache.LocalContainerCacheStrategy

[[[自动注册扩展缓存完成]]]
[2022/01/29 10:23:48.2357]
[线程：1]
注册总用时：1.921ms
自动扫描程序集：0个
扩展缓存：

[[[微信扩展缓存注册完成]]]
[2022/01/29 10:23:48.2477]
[线程：1]
微信扩展缓存注册总用时：0.0819ms
扩展缓存：Senparc.Weixin.Cache.LocalContainerCacheStrategy

[[[自动注册扩展缓存完成]]]
[2022/01/29 10:23:48.4000]
[线程：1]
注册总用时：0.0024ms
自动扫描程序集：0个
扩展缓存：

[[[微信扩展缓存注册完成]]]
[2022/01/29 10:23:48.4001]
[线程：1]
微信扩展缓存注册总用时：0.0005ms
扩展缓存：Senparc.Weixin.Cache.LocalContainerCacheStrategy

[[[自动注册扩展缓存完成]]]
[2022/01/29 10:25:55.1285]
[线程：1]
注册总用时：1.9324ms
自动扫描程序集：0个
扩展缓存：

[[[微信扩展缓存注册完成]]]
[2022/01/29 10:25:55.1398]
[线程：1]
微信扩展缓存注册总用时：0.0989ms
扩展缓存：Senparc.Weixin.Cache.LocalContainerCacheStrategy

[[[自动注册扩展缓存完成]]]
[2022/01/29 10:25:55.2913]
[线程：1]
注册总用时：0.0019ms
自动扫描程序集：0个
扩展缓存：

[[[微信扩展缓存注册完成]]]
[2022/01/29 10:25:55.2913]
[线程：1]
微信扩展缓存注册总用时：0.0004ms
扩展缓存：Senparc.Weixin.Cache.LocalContainerCacheStrategy

[[[自动注册扩展缓存完成]]]
[2022/01/29 10:41:25.3358]
[线程：1]
注册总用时：1.9143ms
自动扫描程序集：0个
扩展缓存：

[[[微信扩展缓存注册完成]]]
[2022/01/29 10:41:25.3489]
[线程：1]
微信扩展缓存注册总用时：0.1495ms
扩展缓存：Senparc.Weixin.Cache.LocalContainerCacheStrategy

[[[自动注册扩展缓存完成]]]
[2022/01/29 10:41:25.5461]
[线程：1]
注册总用时：0.0025ms
自动扫描程序集：0个
扩展缓存：

[[[微信扩展缓存注册完成]]]
[2022/01/29 10:41:25.5462]
[线程：1]
微信扩展缓存注册总用时：0.0007ms
扩展缓存：Senparc.Weixin.Cache.LocalContainerCacheStrategy

[[[自动注册扩展缓存完成]]]
[2022/01/29 10:45:09.9437]
[线程：1]
注册总用时：2.0027ms
自动扫描程序集：0个
扩展缓存：

[[[微信扩展缓存注册完成]]]
[2022/01/29 10:45:09.9549]
[线程：1]
微信扩展缓存注册总用时：0.1111ms
扩展缓存：Senparc.Weixin.Cache.LocalContainerCacheStrategy

[[[自动注册扩展缓存完成]]]
[2022/01/29 10:45:10.2137]
[线程：1]
注册总用时：0.0028ms
自动扫描程序集：0个
扩展缓存：

[[[微信扩展缓存注册完成]]]
[2022/01/29 10:45:10.2138]
[线程：1]
微信扩展缓存注册总用时：0.0009ms
扩展缓存：Senparc.Weixin.Cache.LocalContainerCacheStrategy

[[[自动注册扩展缓存完成]]]
[2022/01/29 10:52:38.0421]
[线程：1]
注册总用时：1.9523ms
自动扫描程序集：0个
扩展缓存：

[[[微信扩展缓存注册完成]]]
[2022/01/29 10:52:38.0540]
[线程：1]
微信扩展缓存注册总用时：0.0939ms
扩展缓存：Senparc.Weixin.Cache.LocalContainerCacheStrategy

[[[自动注册扩展缓存完成]]]
[2022/01/29 10:52:38.2004]
[线程：1]
注册总用时：0.0034ms
自动扫描程序集：0个
扩展缓存：

[[[微信扩展缓存注册完成]]]
[2022/01/29 10:52:38.2005]
[线程：1]
微信扩展缓存注册总用时：0.0004ms
扩展缓存：Senparc.Weixin.Cache.LocalContainerCacheStrategy

[[[自动注册扩展缓存完成]]]
[2022/01/29 10:53:48.7564]
[线程：1]
注册总用时：1.8377ms
自动扫描程序集：0个
扩展缓存：

[[[微信扩展缓存注册完成]]]
[2022/01/29 10:53:48.7683]
[线程：1]
微信扩展缓存注册总用时：0.1160ms
扩展缓存：Senparc.Weixin.Cache.LocalContainerCacheStrategy

[[[自动注册扩展缓存完成]]]
[2022/01/29 10:53:48.9243]
[线程：1]
注册总用时：0.0025ms
自动扫描程序集：0个
扩展缓存：

[[[微信扩展缓存注册完成]]]
[2022/01/29 10:53:48.9244]
[线程：1]
微信扩展缓存注册总用时：0.0006ms
扩展缓存：Senparc.Weixin.Cache.LocalContainerCacheStrategy

[[[自动注册扩展缓存完成]]]
[2022/01/29 10:54:33.7903]
[线程：1]
注册总用时：1.7113ms
自动扫描程序集：0个
扩展缓存：

[[[微信扩展缓存注册完成]]]
[2022/01/29 10:54:33.8027]
[线程：1]
微信扩展缓存注册总用时：0.0792ms
扩展缓存：Senparc.Weixin.Cache.LocalContainerCacheStrategy

[[[自动注册扩展缓存完成]]]
[2022/01/29 10:54:33.9525]
[线程：1]
注册总用时：0.0018ms
自动扫描程序集：0个
扩展缓存：

[[[微信扩展缓存注册完成]]]
[2022/01/29 10:54:33.9526]
[线程：1]
微信扩展缓存注册总用时：0.0004ms
扩展缓存：Senparc.Weixin.Cache.LocalContainerCacheStrategy

[[[自动注册扩展缓存完成]]]
[2022/01/29 10:55:58.6045]
[线程：1]
注册总用时：2.6075ms
自动扫描程序集：0个
扩展缓存：

[[[微信扩展缓存注册完成]]]
[2022/01/29 10:55:58.6182]
[线程：1]
微信扩展缓存注册总用时：0.0879ms
扩展缓存：Senparc.Weixin.Cache.LocalContainerCacheStrategy

[[[自动注册扩展缓存完成]]]
[2022/01/29 10:55:58.8446]
[线程：1]
注册总用时：0.0026ms
自动扫描程序集：0个
扩展缓存：

[[[微信扩展缓存注册完成]]]
[2022/01/29 10:55:58.8447]
[线程：1]
微信扩展缓存注册总用时：0.0009ms
扩展缓存：Senparc.Weixin.Cache.LocalContainerCacheStrategy

[[[自动注册扩展缓存完成]]]
[2022/01/29 10:56:23.2428]
[线程：1]
注册总用时：2.5235ms
自动扫描程序集：0个
扩展缓存：

[[[微信扩展缓存注册完成]]]
[2022/01/29 10:56:23.2586]
[线程：1]
微信扩展缓存注册总用时：0.1176ms
扩展缓存：Senparc.Weixin.Cache.LocalContainerCacheStrategy

[[[自动注册扩展缓存完成]]]
[2022/01/29 10:56:23.5273]
[线程：1]
注册总用时：0.0036ms
自动扫描程序集：0个
扩展缓存：

[[[微信扩展缓存注册完成]]]
[2022/01/29 10:56:23.5275]
[线程：1]
微信扩展缓存注册总用时：0.0010ms
扩展缓存：Senparc.Weixin.Cache.LocalContainerCacheStrategy

[[[自动注册扩展缓存完成]]]
[2022/01/29 10:59:59.7179]
[线程：1]
注册总用时：1.8598ms
自动扫描程序集：0个
扩展缓存：

[[[微信扩展缓存注册完成]]]
[2022/01/29 10:59:59.7298]
[线程：1]
微信扩展缓存注册总用时：0.1263ms
扩展缓存：Senparc.Weixin.Cache.LocalContainerCacheStrategy

[[[自动注册扩展缓存完成]]]
[2022/01/29 11:00:00.0174]
[线程：1]
注册总用时：0.0066ms
自动扫描程序集：0个
扩展缓存：

[[[微信扩展缓存注册完成]]]
[2022/01/29 11:00:00.0176]
[线程：1]
微信扩展缓存注册总用时：0.0020ms
扩展缓存：Senparc.Weixin.Cache.LocalContainerCacheStrategy

[[[自动注册扩展缓存完成]]]
[2022/01/29 11:00:37.8727]
[线程：1]
注册总用时：1.6248ms
自动扫描程序集：0个
扩展缓存：

[[[微信扩展缓存注册完成]]]
[2022/01/29 11:00:37.8843]
[线程：1]
微信扩展缓存注册总用时：0.0930ms
扩展缓存：Senparc.Weixin.Cache.LocalContainerCacheStrategy

[[[自动注册扩展缓存完成]]]
[2022/01/29 11:00:38.0390]
[线程：1]
注册总用时：0.0021ms
自动扫描程序集：0个
扩展缓存：

[[[微信扩展缓存注册完成]]]
[2022/01/29 11:00:38.0390]
[线程：1]
微信扩展缓存注册总用时：0.0005ms
扩展缓存：Senparc.Weixin.Cache.LocalContainerCacheStrategy

[[[自动注册扩展缓存完成]]]
[2022/01/29 11:02:43.6660]
[线程：1]
注册总用时：1.9158ms
自动扫描程序集：0个
扩展缓存：

[[[微信扩展缓存注册完成]]]
[2022/01/29 11:02:43.6779]
[线程：1]
微信扩展缓存注册总用时：0.0928ms
扩展缓存：Senparc.Weixin.Cache.LocalContainerCacheStrategy

[[[自动注册扩展缓存完成]]]
[2022/01/29 11:02:43.8284]
[线程：1]
注册总用时：0.0019ms
自动扫描程序集：0个
扩展缓存：

[[[微信扩展缓存注册完成]]]
[2022/01/29 11:02:43.8285]
[线程：1]
微信扩展缓存注册总用时：0.0005ms
扩展缓存：Senparc.Weixin.Cache.LocalContainerCacheStrategy

[[[自动注册扩展缓存完成]]]
[2022/01/29 11:03:10.5454]
[线程：1]
注册总用时：2.1287ms
自动扫描程序集：0个
扩展缓存：

[[[微信扩展缓存注册完成]]]
[2022/01/29 11:03:10.5591]
[线程：1]
微信扩展缓存注册总用时：0.1108ms
扩展缓存：Senparc.Weixin.Cache.LocalContainerCacheStrategy

[[[自动注册扩展缓存完成]]]
[2022/01/29 11:03:10.7207]
[线程：1]
注册总用时：0.0034ms
自动扫描程序集：0个
扩展缓存：

[[[微信扩展缓存注册完成]]]
[2022/01/29 11:03:10.7207]
[线程：1]
微信扩展缓存注册总用时：0.0006ms
扩展缓存：Senparc.Weixin.Cache.LocalContainerCacheStrategy

[[[自动注册扩展缓存完成]]]
[2022/01/29 11:16:06.0137]
[线程：1]
注册总用时：2.6658ms
自动扫描程序集：0个
扩展缓存：

[[[微信扩展缓存注册完成]]]
[2022/01/29 11:16:06.0261]
[线程：1]
微信扩展缓存注册总用时：0.0900ms
扩展缓存：Senparc.Weixin.Cache.LocalContainerCacheStrategy

[[[自动注册扩展缓存完成]]]
[2022/01/29 11:16:06.1911]
[线程：1]
注册总用时：0.0029ms
自动扫描程序集：0个
扩展缓存：

[[[微信扩展缓存注册完成]]]
[2022/01/29 11:16:06.1912]
[线程：1]
微信扩展缓存注册总用时：0.0009ms
扩展缓存：Senparc.Weixin.Cache.LocalContainerCacheStrategy

[[[自动注册扩展缓存完成]]]
[2022/01/29 11:16:59.2276]
[线程：1]
注册总用时：1.8802ms
自动扫描程序集：0个
扩展缓存：

[[[微信扩展缓存注册完成]]]
[2022/01/29 11:16:59.2402]
[线程：1]
微信扩展缓存注册总用时：0.0933ms
扩展缓存：Senparc.Weixin.Cache.LocalContainerCacheStrategy

[[[自动注册扩展缓存完成]]]
[2022/01/29 11:16:59.4240]
[线程：1]
注册总用时：0.003ms
自动扫描程序集：0个
扩展缓存：

[[[微信扩展缓存注册完成]]]
[2022/01/29 11:16:59.4240]
[线程：1]
微信扩展缓存注册总用时：0.0005ms
扩展缓存：Senparc.Weixin.Cache.LocalContainerCacheStrategy

[[[自动注册扩展缓存完成]]]
[2022/01/29 11:17:50.9106]
[线程：1]
注册总用时：1.7101ms
自动扫描程序集：0个
扩展缓存：

[[[微信扩展缓存注册完成]]]
[2022/01/29 11:17:50.9225]
[线程：1]
微信扩展缓存注册总用时：0.0774ms
扩展缓存：Senparc.Weixin.Cache.LocalContainerCacheStrategy

[[[自动注册扩展缓存完成]]]
[2022/01/29 11:17:51.0768]
[线程：1]
注册总用时：0.002ms
自动扫描程序集：0个
扩展缓存：

[[[微信扩展缓存注册完成]]]
[2022/01/29 11:17:51.0769]
[线程：1]
微信扩展缓存注册总用时：0.0005ms
扩展缓存：Senparc.Weixin.Cache.LocalContainerCacheStrategy

[[[自动注册扩展缓存完成]]]
[2022/01/29 11:19:48.0778]
[线程：1]
注册总用时：2.122ms
自动扫描程序集：0个
扩展缓存：

[[[微信扩展缓存注册完成]]]
[2022/01/29 11:19:48.0921]
[线程：1]
微信扩展缓存注册总用时：0.1185ms
扩展缓存：Senparc.Weixin.Cache.LocalContainerCacheStrategy

[[[自动注册扩展缓存完成]]]
[2022/01/29 11:19:48.3698]
[线程：1]
注册总用时：0.0041ms
自动扫描程序集：0个
扩展缓存：

[[[微信扩展缓存注册完成]]]
[2022/01/29 11:19:48.3699]
[线程：1]
微信扩展缓存注册总用时：0.0012ms
扩展缓存：Senparc.Weixin.Cache.LocalContainerCacheStrategy

[[[自动注册扩展缓存完成]]]
[2022/01/29 11:20:24.1317]
[线程：1]
注册总用时：2.1122ms
自动扫描程序集：0个
扩展缓存：

[[[微信扩展缓存注册完成]]]
[2022/01/29 11:20:24.1440]
[线程：1]
微信扩展缓存注册总用时：0.0865ms
扩展缓存：Senparc.Weixin.Cache.LocalContainerCacheStrategy

[[[自动注册扩展缓存完成]]]
[2022/01/29 11:20:24.3714]
[线程：1]
注册总用时：0.0044ms
自动扫描程序集：0个
扩展缓存：

[[[微信扩展缓存注册完成]]]
[2022/01/29 11:20:24.3715]
[线程：1]
微信扩展缓存注册总用时：0.0019ms
扩展缓存：Senparc.Weixin.Cache.LocalContainerCacheStrategy

[[[自动注册扩展缓存完成]]]
[2022/01/29 11:23:29.5191]
[线程：1]
注册总用时：1.9882ms
自动扫描程序集：0个
扩展缓存：

[[[微信扩展缓存注册完成]]]
[2022/01/29 11:23:29.5317]
[线程：1]
微信扩展缓存注册总用时：0.1227ms
扩展缓存：Senparc.Weixin.Cache.LocalContainerCacheStrategy

[[[自动注册扩展缓存完成]]]
[2022/01/29 11:23:29.6969]
[线程：1]
注册总用时：0.0026ms
自动扫描程序集：0个
扩展缓存：

[[[微信扩展缓存注册完成]]]
[2022/01/29 11:23:29.6970]
[线程：1]
微信扩展缓存注册总用时：0.0011ms
扩展缓存：Senparc.Weixin.Cache.LocalContainerCacheStrategy

[[[自动注册扩展缓存完成]]]
[2022/01/29 11:24:11.1399]
[线程：1]
注册总用时：1.9306ms
自动扫描程序集：0个
扩展缓存：

[[[微信扩展缓存注册完成]]]
[2022/01/29 11:24:11.1523]
[线程：1]
微信扩展缓存注册总用时：0.0876ms
扩展缓存：Senparc.Weixin.Cache.LocalContainerCacheStrategy

[[[自动注册扩展缓存完成]]]
[2022/01/29 11:24:11.3740]
[线程：1]
注册总用时：0.0035ms
自动扫描程序集：0个
扩展缓存：

[[[微信扩展缓存注册完成]]]
[2022/01/29 11:24:11.3741]
[线程：1]
微信扩展缓存注册总用时：0.0009ms
扩展缓存：Senparc.Weixin.Cache.LocalContainerCacheStrategy

[[[自动注册扩展缓存完成]]]
[2022/01/29 11:25:03.1506]
[线程：1]
注册总用时：1.7754ms
自动扫描程序集：0个
扩展缓存：

[[[微信扩展缓存注册完成]]]
[2022/01/29 11:25:03.1641]
[线程：1]
微信扩展缓存注册总用时：0.2028ms
扩展缓存：Senparc.Weixin.Cache.LocalContainerCacheStrategy

[[[自动注册扩展缓存完成]]]
[2022/01/29 11:25:03.4482]
[线程：1]
注册总用时：0.003ms
自动扫描程序集：0个
扩展缓存：

[[[微信扩展缓存注册完成]]]
[2022/01/29 11:25:03.4483]
[线程：1]
微信扩展缓存注册总用时：0.0010ms
扩展缓存：Senparc.Weixin.Cache.LocalContainerCacheStrategy

[[[自动注册扩展缓存完成]]]
[2022/01/29 11:28:10.7072]
[线程：1]
注册总用时：2.202ms
自动扫描程序集：0个
扩展缓存：

[[[微信扩展缓存注册完成]]]
[2022/01/29 11:28:10.7221]
[线程：1]
微信扩展缓存注册总用时：0.1044ms
扩展缓存：Senparc.Weixin.Cache.LocalContainerCacheStrategy

[[[自动注册扩展缓存完成]]]
[2022/01/29 11:28:10.9726]
[线程：1]
注册总用时：0.0028ms
自动扫描程序集：0个
扩展缓存：

[[[微信扩展缓存注册完成]]]
[2022/01/29 11:28:10.9727]
[线程：1]
微信扩展缓存注册总用时：0.0011ms
扩展缓存：Senparc.Weixin.Cache.LocalContainerCacheStrategy

[[[自动注册扩展缓存完成]]]
[2022/01/29 11:30:43.6285]
[线程：1]
注册总用时：3.0456ms
自动扫描程序集：0个
扩展缓存：

[[[微信扩展缓存注册完成]]]
[2022/01/29 11:30:43.6504]
[线程：1]
微信扩展缓存注册总用时：0.1234ms
扩展缓存：Senparc.Weixin.Cache.LocalContainerCacheStrategy

[[[自动注册扩展缓存完成]]]
[2022/01/29 11:30:43.9072]
[线程：1]
注册总用时：0.0025ms
自动扫描程序集：0个
扩展缓存：

[[[微信扩展缓存注册完成]]]
[2022/01/29 11:30:43.9073]
[线程：1]
微信扩展缓存注册总用时：0.0007ms
扩展缓存：Senparc.Weixin.Cache.LocalContainerCacheStrategy

[[[自动注册扩展缓存完成]]]
[2022/01/29 11:31:46.3013]
[线程：1]
注册总用时：1.8803ms
自动扫描程序集：0个
扩展缓存：

[[[微信扩展缓存注册完成]]]
[2022/01/29 11:31:46.3120]
[线程：1]
微信扩展缓存注册总用时：0.0851ms
扩展缓存：Senparc.Weixin.Cache.LocalContainerCacheStrategy

[[[自动注册扩展缓存完成]]]
[2022/01/29 11:31:46.5295]
[线程：1]
注册总用时：0.0022ms
自动扫描程序集：0个
扩展缓存：

[[[微信扩展缓存注册完成]]]
[2022/01/29 11:31:46.5296]
[线程：1]
微信扩展缓存注册总用时：0.0004ms
扩展缓存：Senparc.Weixin.Cache.LocalContainerCacheStrategy

[[[自动注册扩展缓存完成]]]
[2022/01/29 11:34:16.3004]
[线程：1]
注册总用时：2.3891ms
自动扫描程序集：0个
扩展缓存：

[[[微信扩展缓存注册完成]]]
[2022/01/29 11:34:16.3132]
[线程：1]
微信扩展缓存注册总用时：0.0854ms
扩展缓存：Senparc.Weixin.Cache.LocalContainerCacheStrategy

[[[自动注册扩展缓存完成]]]
[2022/01/29 11:34:16.4867]
[线程：1]
注册总用时：0.002ms
自动扫描程序集：0个
扩展缓存：

[[[微信扩展缓存注册完成]]]
[2022/01/29 11:34:16.4868]
[线程：1]
微信扩展缓存注册总用时：0.0004ms
扩展缓存：Senparc.Weixin.Cache.LocalContainerCacheStrategy

[[[自动注册扩展缓存完成]]]
[2022/01/29 13:55:51.9503]
[线程：1]
注册总用时：1.9332ms
自动扫描程序集：0个
扩展缓存：

[[[微信扩展缓存注册完成]]]
[2022/01/29 13:55:51.9626]
[线程：1]
微信扩展缓存注册总用时：0.0839ms
扩展缓存：Senparc.Weixin.Cache.LocalContainerCacheStrategy

[[[自动注册扩展缓存完成]]]
[2022/01/29 13:55:52.1285]
[线程：1]
注册总用时：0.0027ms
自动扫描程序集：0个
扩展缓存：

[[[微信扩展缓存注册完成]]]
[2022/01/29 13:55:52.1286]
[线程：1]
微信扩展缓存注册总用时：0.0009ms
扩展缓存：Senparc.Weixin.Cache.LocalContainerCacheStrategy

[[[自动注册扩展缓存完成]]]
[2022/01/29 13:56:08.4139]
[线程：1]
注册总用时：2.2619ms
自动扫描程序集：0个
扩展缓存：

[[[微信扩展缓存注册完成]]]
[2022/01/29 13:56:08.4269]
[线程：1]
微信扩展缓存注册总用时：0.0877ms
扩展缓存：Senparc.Weixin.Cache.LocalContainerCacheStrategy

[[[自动注册扩展缓存完成]]]
[2022/01/29 13:56:08.6566]
[线程：1]
注册总用时：0.0021ms
自动扫描程序集：0个
扩展缓存：

[[[微信扩展缓存注册完成]]]
[2022/01/29 13:56:08.6566]
[线程：1]
微信扩展缓存注册总用时：0.0007ms
扩展缓存：Senparc.Weixin.Cache.LocalContainerCacheStrategy

[[[自动注册扩展缓存完成]]]
[2022/01/29 13:57:12.9904]
[线程：1]
注册总用时：3.3034ms
自动扫描程序集：0个
扩展缓存：

[[[微信扩展缓存注册完成]]]
[2022/01/29 13:57:13.0063]
[线程：1]
微信扩展缓存注册总用时：0.1135ms
扩展缓存：Senparc.Weixin.Cache.LocalContainerCacheStrategy

[[[自动注册扩展缓存完成]]]
[2022/01/29 13:57:13.1934]
[线程：1]
注册总用时：0.0023ms
自动扫描程序集：0个
扩展缓存：

[[[微信扩展缓存注册完成]]]
[2022/01/29 13:57:13.1934]
[线程：1]
微信扩展缓存注册总用时：0.0008ms
扩展缓存：Senparc.Weixin.Cache.LocalContainerCacheStrategy

[[[自动注册扩展缓存完成]]]
[2022/01/29 14:03:23.2141]
[线程：1]
注册总用时：1.9909ms
自动扫描程序集：0个
扩展缓存：

[[[微信扩展缓存注册完成]]]
[2022/01/29 14:03:23.2258]
[线程：1]
微信扩展缓存注册总用时：0.1187ms
扩展缓存：Senparc.Weixin.Cache.LocalContainerCacheStrategy

[[[自动注册扩展缓存完成]]]
[2022/01/29 14:03:23.3962]
[线程：1]
注册总用时：0.002ms
自动扫描程序集：0个
扩展缓存：

[[[微信扩展缓存注册完成]]]
[2022/01/29 14:03:23.3963]
[线程：1]
微信扩展缓存注册总用时：0.0006ms
扩展缓存：Senparc.Weixin.Cache.LocalContainerCacheStrategy

[[[自动注册扩展缓存完成]]]
[2022/01/29 14:07:39.7311]
[线程：1]
注册总用时：2.1517ms
自动扫描程序集：0个
扩展缓存：

[[[微信扩展缓存注册完成]]]
[2022/01/29 14:07:39.7452]
[线程：1]
微信扩展缓存注册总用时：0.0899ms
扩展缓存：Senparc.Weixin.Cache.LocalContainerCacheStrategy

[[[自动注册扩展缓存完成]]]
[2022/01/29 14:07:39.9557]
[线程：1]
注册总用时：0.0022ms
自动扫描程序集：0个
扩展缓存：

[[[微信扩展缓存注册完成]]]
[2022/01/29 14:07:39.9558]
[线程：1]
微信扩展缓存注册总用时：0.0004ms
扩展缓存：Senparc.Weixin.Cache.LocalContainerCacheStrategy

[[[自动注册扩展缓存完成]]]
[2022/01/29 14:12:22.0448]
[线程：1]
注册总用时：2.0225ms
自动扫描程序集：0个
扩展缓存：

[[[微信扩展缓存注册完成]]]
[2022/01/29 14:12:22.0580]
[线程：1]
微信扩展缓存注册总用时：0.1139ms
扩展缓存：Senparc.Weixin.Cache.LocalContainerCacheStrategy

[[[自动注册扩展缓存完成]]]
[2022/01/29 14:12:22.2349]
[线程：1]
注册总用时：0.0024ms
自动扫描程序集：0个
扩展缓存：

[[[微信扩展缓存注册完成]]]
[2022/01/29 14:12:22.2350]
[线程：1]
微信扩展缓存注册总用时：0.0005ms
扩展缓存：Senparc.Weixin.Cache.LocalContainerCacheStrategy

[[[自动注册扩展缓存完成]]]
[2022/01/29 14:14:28.1951]
[线程：1]
注册总用时：2.5691ms
自动扫描程序集：0个
扩展缓存：

[[[微信扩展缓存注册完成]]]
[2022/01/29 14:14:28.2103]
[线程：1]
微信扩展缓存注册总用时：0.1045ms
扩展缓存：Senparc.Weixin.Cache.LocalContainerCacheStrategy

[[[自动注册扩展缓存完成]]]
[2022/01/29 14:14:28.5083]
[线程：1]
注册总用时：0.0039ms
自动扫描程序集：0个
扩展缓存：

[[[微信扩展缓存注册完成]]]
[2022/01/29 14:14:28.5084]
[线程：1]
微信扩展缓存注册总用时：0.0011ms
扩展缓存：Senparc.Weixin.Cache.LocalContainerCacheStrategy

[[[自动注册扩展缓存完成]]]
[2022/01/29 15:12:42.0501]
[线程：1]
注册总用时：1.9985ms
自动扫描程序集：0个
扩展缓存：

[[[微信扩展缓存注册完成]]]
[2022/01/29 15:12:42.0634]
[线程：1]
微信扩展缓存注册总用时：0.0818ms
扩展缓存：Senparc.Weixin.Cache.LocalContainerCacheStrategy

[[[自动注册扩展缓存完成]]]
[2022/01/29 15:12:42.2766]
[线程：1]
注册总用时：0.0022ms
自动扫描程序集：0个
扩展缓存：

[[[微信扩展缓存注册完成]]]
[2022/01/29 15:12:42.2767]
[线程：1]
微信扩展缓存注册总用时：0.0006ms
扩展缓存：Senparc.Weixin.Cache.LocalContainerCacheStrategy

[[[自动注册扩展缓存完成]]]
[2022/01/29 18:02:16.9767]
[线程：1]
注册总用时：2.5669ms
自动扫描程序集：0个
扩展缓存：

[[[微信扩展缓存注册完成]]]
[2022/01/29 18:02:17.0257]
[线程：1]
微信扩展缓存注册总用时：0.2163ms
扩展缓存：Senparc.Weixin.Cache.LocalContainerCacheStrategy

[[[自动注册扩展缓存完成]]]
[2022/01/29 18:02:17.2732]
[线程：1]
注册总用时：0.0032ms
自动扫描程序集：0个
扩展缓存：

[[[微信扩展缓存注册完成]]]
[2022/01/29 18:02:17.2733]
[线程：1]
微信扩展缓存注册总用时：0.0010ms
扩展缓存：Senparc.Weixin.Cache.LocalContainerCacheStrategy

