[[[自动注册扩展缓存完成]]]
[2022/01/07 14:20:42.0119]
[线程：1]
注册总用时：2.0277ms
自动扫描程序集：0个
扩展缓存：

[[[微信扩展缓存注册完成]]]
[2022/01/07 14:20:42.0222]
[线程：1]
微信扩展缓存注册总用时：0.0790ms
扩展缓存：Senparc.Weixin.Cache.LocalContainerCacheStrategy

[[[自动注册扩展缓存完成]]]
[2022/01/07 14:20:42.1704]
[线程：1]
注册总用时：0.0024ms
自动扫描程序集：0个
扩展缓存：

[[[微信扩展缓存注册完成]]]
[2022/01/07 14:20:42.1705]
[线程：1]
微信扩展缓存注册总用时：0.0005ms
扩展缓存：Senparc.Weixin.Cache.LocalContainerCacheStrategy

[[[自动注册扩展缓存完成]]]
[2022/01/07 14:26:24.6162]
[线程：1]
注册总用时：2.5732ms
自动扫描程序集：0个
扩展缓存：

[[[微信扩展缓存注册完成]]]
[2022/01/07 14:26:24.6285]
[线程：1]
微信扩展缓存注册总用时：0.0792ms
扩展缓存：Senparc.Weixin.Cache.LocalContainerCacheStrategy

[[[自动注册扩展缓存完成]]]
[2022/01/07 14:26:24.7358]
[线程：1]
注册总用时：0.002ms
自动扫描程序集：0个
扩展缓存：

[[[微信扩展缓存注册完成]]]
[2022/01/07 14:26:24.7359]
[线程：1]
微信扩展缓存注册总用时：0.0004ms
扩展缓存：Senparc.Weixin.Cache.LocalContainerCacheStrategy

[[[自动注册扩展缓存完成]]]
[2022/01/07 14:49:28.6467]
[线程：1]
注册总用时：2.6886ms
自动扫描程序集：0个
扩展缓存：

[[[微信扩展缓存注册完成]]]
[2022/01/07 14:49:28.6607]
[线程：1]
微信扩展缓存注册总用时：0.0969ms
扩展缓存：Senparc.Weixin.Cache.LocalContainerCacheStrategy

[[[自动注册扩展缓存完成]]]
[2022/01/07 14:49:28.8052]
[线程：1]
注册总用时：0.002ms
自动扫描程序集：0个
扩展缓存：

[[[微信扩展缓存注册完成]]]
[2022/01/07 14:49:28.8053]
[线程：1]
微信扩展缓存注册总用时：0.0005ms
扩展缓存：Senparc.Weixin.Cache.LocalContainerCacheStrategy

[[[接口调用]]]
[2022/01/07 14:49:41.6752]
[线程：25]
	URL：https://api.weixin.qq.com/sns/oauth2/access_token?appid=wx2327f5b244ae161f&secret=cdfe8ed5a934404cfcd898558bf506be&code=0811XlGa1MfopC0GeGFa16l9f541XlGC&grant_type=authorization_code
	Result：
{"errcode":40163,"errmsg":"code been used, rid: 61d7e285-32954a1b-265694d3"}

[[[ErrorJsonResultException]]]
[2022/01/07 14:49:41.7648]
[线程：25]
	ErrorJsonResultException
	AccessTokenOrAppId：null
	URL：https://api.weixin.qq.com/sns/oauth2/access_token?appid=wx2327f5b244ae161f&secret=cdfe8ed5a934404cfcd898558bf506be&code=0811XlGa1MfopC0GeGFa16l9f541XlGC&grant_type=authorization_code
	errcode：40163
	errmsg：code been used, rid: 61d7e285-32954a1b-265694d3

[[[接口调用]]]
[2022/01/07 14:51:21.4725]
[线程：25]
	URL：https://api.weixin.qq.com/sns/oauth2/access_token?appid=wx2327f5b244ae161f&secret=cdfe8ed5a934404cfcd898558bf506be&code=091Zz90w3TsQKX2Siz0w3yprsf4Zz904&grant_type=authorization_code
	Result：
{"errcode":40163,"errmsg":"code been used, rid: 61d7e2e9-1b46563a-1a1108da"}

[[[ErrorJsonResultException]]]
[2022/01/07 14:51:21.4726]
[线程：25]
	ErrorJsonResultException
	AccessTokenOrAppId：null
	URL：https://api.weixin.qq.com/sns/oauth2/access_token?appid=wx2327f5b244ae161f&secret=cdfe8ed5a934404cfcd898558bf506be&code=091Zz90w3TsQKX2Siz0w3yprsf4Zz904&grant_type=authorization_code
	errcode：40163
	errmsg：code been used, rid: 61d7e2e9-1b46563a-1a1108da

[[[接口调用]]]
[2022/01/07 14:57:21.0727]
[线程：50]
	URL：https://api.weixin.qq.com/sns/oauth2/access_token?appid=wx2327f5b244ae161f&secret=cdfe8ed5a934404cfcd898558bf506be&code=0912hk100etr4N1jsn300d3M3L12hk1z&grant_type=authorization_code
	Result：
{"access_token":"52_uADwjRaYD8MWQSlgkDLwm2EAKaD4SwMTZM0qc5E0HLzkV1fkvlBDWEeSRxJm_QxUdGLlR-Ghf7ZZGgsVe2QC6A","expires_in":7200,"refresh_token":"52_GUOgZZR0ndxMkR2xwivBHcK4Y0sE7EP0mW2DYTR34WMEBeB2HtuvVgeUFb92TExA3QoVyz5oCVqxnCYXQUiDag","openid":"oTuBi09bM6KJqH_r-KVAZqaDy8tQ","scope":"snsapi_userinfo"}

[[[自动注册扩展缓存完成]]]
[2022/01/07 14:58:28.8138]
[线程：1]
注册总用时：2.0037ms
自动扫描程序集：0个
扩展缓存：

[[[微信扩展缓存注册完成]]]
[2022/01/07 14:58:28.8259]
[线程：1]
微信扩展缓存注册总用时：0.0825ms
扩展缓存：Senparc.Weixin.Cache.LocalContainerCacheStrategy

[[[自动注册扩展缓存完成]]]
[2022/01/07 14:58:28.9369]
[线程：1]
注册总用时：0.0022ms
自动扫描程序集：0个
扩展缓存：

[[[微信扩展缓存注册完成]]]
[2022/01/07 14:58:28.9370]
[线程：1]
微信扩展缓存注册总用时：0.0006ms
扩展缓存：Senparc.Weixin.Cache.LocalContainerCacheStrategy

[[[接口调用]]]
[2022/01/07 14:59:24.7972]
[线程：28]
	URL：https://api.weixin.qq.com/sns/oauth2/access_token?appid=wx2327f5b244ae161f&secret=cdfe8ed5a934404cfcd898558bf506be&code=011zxOFa1WVWpC0BsHHa1oVCpi3zxOFg&grant_type=authorization_code
	Result：
{"access_token":"52_nMM2CV0cyJxFdUp12-4eOYkDnGe2fEJJ6uAajjySKybbfomBSzx7zxH4LBcwS7pk4lbtGkkDSnL_y45XhLSF4w","expires_in":7200,"refresh_token":"52_EwQCzsV4jdWyqBvE-s7MlKOkemaIe1wdOGJ01t2wMdTsSa1znfmHqyIXZB_2zty7IXDTB6_GHNzDSZ5c7_woOA","openid":"oTuBi09bM6KJqH_r-KVAZqaDy8tQ","scope":"snsapi_userinfo"}

[[[接口调用]]]
[2022/01/07 14:59:25.0470]
[线程：28]
	URL：https://api.weixin.qq.com/sns/userinfo?access_token=52_nMM2CV0cyJxFdUp12-4eOYkDnGe2fEJJ6uAajjySKybbfomBSzx7zxH4LBcwS7pk4lbtGkkDSnL_y45XhLSF4w&openid=oTuBi09bM6KJqH_r-KVAZqaDy8tQ&lang=zh_CN
	Result：
{"openid":"oTuBi09bM6KJqH_r-KVAZqaDy8tQ","nickname":"卜凌昌℡¹⁷⁷⁴²⁹⁹⁸⁸⁶⁷","sex":0,"language":"","city":"","province":"","country":"","headimgurl":"https:\/\/thirdwx.qlogo.cn\/mmopen\/vi_32\/Q0j4TwGTfTILWZvbqfRp37xv5E4CvDznRvuIq6YXMvKiaufDl0Bp8iaDdaQpUMFpNunvxA181bxWzQclvGrKAjYA\/132","privilege":[]}

[[[自动注册扩展缓存完成]]]
[2022/01/07 15:07:21.8191]
[线程：1]
注册总用时：1.7691ms
自动扫描程序集：0个
扩展缓存：

[[[微信扩展缓存注册完成]]]
[2022/01/07 15:07:21.8292]
[线程：1]
微信扩展缓存注册总用时：0.0794ms
扩展缓存：Senparc.Weixin.Cache.LocalContainerCacheStrategy

[[[自动注册扩展缓存完成]]]
[2022/01/07 15:07:21.9350]
[线程：1]
注册总用时：0.0021ms
自动扫描程序集：0个
扩展缓存：

[[[微信扩展缓存注册完成]]]
[2022/01/07 15:07:21.9350]
[线程：1]
微信扩展缓存注册总用时：0.0004ms
扩展缓存：Senparc.Weixin.Cache.LocalContainerCacheStrategy

